{"meta": {"format": 3, "version": "7.16.0", "timestamp": "2026-09-05T04:21:22.609373", "branch_coverage": false, "show_contexts": false}, "files": {"src\\arknights_merch_analytics\\__init__.py": {"executed_lines": [3], "summary": {"covered_lines": 1, "num_statements": 1, "percent_covered": 100.0, "percent_covered_display": "100", "missing_lines": 0, "excluded_lines": 0, "percent_statements_covered": 100.0, "percent_statements_covered_display": "100"}, "missing_lines": [], "excluded_lines": [], "functions": {"": {"executed_lines": [3], "summary": {"covered_lines": 1, "num_statements": 1, "percent_covered": 100.0, "percent_covered_display": "100", "missing_lines": 0, "excluded_lines": 0, "percent_statements_covered": 100.0, "percent_statements_covered_display": "100"}, "missing_lines": [], "excluded_lines": [], "start_line": 1}}, "classes": {"": {"executed_lines": [3], "summary": {"covered_lines": 1, "num_statements": 1, "percent_covered": 100.0, "percent_covered_display": "100", "missing_lines": 0, "excluded_lines": 0, "percent_statements_covered": 100.0, "percent_statements_covered_display": "100"}, "missing_lines": [], "excluded_lines": [], "start_line": 1}}}, "src\\arknights_merch_analytics\\bilibili_archive.py": {"executed_lines": [1, 3, 4, 5, 7, 8, 9, 11, 18, 19, 20, 21, 22, 23, 24, 25, 37, 40, 42, 43, 46, 47, 48, 49, 50, 52, 53, 54, 55, 56, 57, 58, 59, 60, 61, 69, 70, 71, 72, 73, 74, 75, 80, 81, 84, 89, 91, 92, 93, 96, 97, 98, 99, 100, 101, 102, 103, 105, 108, 109, 110, 111, 112, 115, 116, 119, 120, 121, 122, 123, 133, 134, 140, 141, 143, 144, 145, 148, 166, 169, 173, 179, 182, 184, 192, 201, 207, 215, 216, 251, 254, 260, 261, 262, 263, 265, 266, 272, 273, 274, 280, 281, 282, 283, 284, 285, 286, 287, 288, 289, 290, 292, 293, 294, 295, 303, 304, 305, 306, 307, 308, 309, 310, 311, 313, 314, 315, 316, 317, 318, 319, 320], "summary": {"covered_lines": 132, "num_statements": 146, "percent_covered": 90.41095890410959, "percent_covered_display": "90", "missing_lines": 14, "excluded_lines": 0, "percent_statements_covered": 90.41095890410959, "percent_statements_covered_display": "90"}, "missing_lines": [26, 27, 28, 29, 30, 31, 32, 33, 34, 41, 51, 90, 142, 183], "excluded_lines": [], "functions": {"classify_bilibili_content": {"executed_lines": [19, 20, 21, 22, 23, 24, 25], "summary": {"covered_lines": 7, "num_statements": 16, "percent_covered": 43.75, "percent_covered_display": "44", "missing_lines": 9, "excluded_lines": 0, "percent_statements_covered": 43.75, "percent_statements_covered_display": "44"}, "missing_lines": [26, 27, 28, 29, 30, 31, 32, 33, 34], "excluded_lines": [], "start_line": 18}, "build_bilibili_archive": {"executed_lines": [40, 42, 43, 46, 47, 48, 49, 50, 52, 53, 54, 55, 56, 57, 58, 59, 60, 61, 69, 70, 71, 72, 73, 74, 75, 80, 81], "summary": {"covered_lines": 27, "num_statements": 29, "percent_covered": 93.10344827586206, "percent_covered_display": "93", "missing_lines": 2, "excluded_lines": 0, "percent_statements_covered": 93.10344827586206, "percent_statements_covered_display": "93"}, "missing_lines": [41, 51], "excluded_lines": [], "start_line": 37}, "build_bilibili_campaign_attribution": {"executed_lines": [89, 91, 92, 93, 96, 97, 98, 99, 100, 101, 102, 103, 105, 108, 109, 110, 111, 112, 115, 116, 119, 120, 121, 122, 123, 133, 134], "summary": {"covered_lines": 27, "num_statements": 28, "percent_covered": 96.42857142857143, "percent_covered_display": "96", "missing_lines": 1, "excluded_lines": 0, "percent_statements_covered": 96.42857142857143, "percent_statements_covered_display": "96"}, "missing_lines": [90], "excluded_lines": [], "start_line": 84}, "build_bilibili_campaign_summary": {"executed_lines": [141, 143, 144, 145, 148, 166, 169, 173], "summary": {"covered_lines": 8, "num_statements": 9, "percent_covered": 88.88888888888889, "percent_covered_display": "89", "missing_lines": 1, "excluded_lines": 0, "percent_statements_covered": 88.88888888888889, "percent_statements_covered_display": "89"}, "missing_lines": [142], "excluded_lines": [], "start_line": 140}, "build_bilibili_archive_summaries": {"executed_lines": [182, 184, 192, 201], "summary": {"covered_lines": 4, "num_statements": 5, "percent_covered": 80.0, "percent_covered_display": "80", "missing_lines": 1, "excluded_lines": 0, "percent_statements_covered": 80.0, "percent_statements_covered_display": "80"}, "missing_lines": [183], "excluded_lines": [], "start_line": 179}, "write_bilibili_archive_report": {"executed_lines": [215, 216, 251], "summary": {"covered_lines": 3, "num_statements": 3, "percent_covered": 100.0, "percent_covered_display": "100", "missing_lines": 0, "excluded_lines": 0, "percent_statements_covered": 100.0, "percent_statements_covered_display": "100"}, "missing_lines": [], "excluded_lines": [], "start_line": 207}, "save_bilibili_archive_figures": {"executed_lines": [260, 261, 262, 263, 265, 266, 272, 273, 274, 280, 281, 282, 283, 284, 285, 286, 287, 288, 289, 290, 292, 293, 294, 295, 303, 304, 305, 306, 307, 308, 309, 310, 311, 313, 314, 315, 316, 317, 318, 319, 320], "summary": {"covered_lines": 41, "num_statements": 41, "percent_covered": 100.0, "percent_covered_display": "100", "missing_lines": 0, "excluded_lines": 0, "percent_statements_covered": 100.0, "percent_statements_covered_display": "100"}, "missing_lines": [], "excluded_lines": [], "start_line": 254}, "": {"executed_lines": [1, 3, 4, 5, 7, 8, 9, 11, 18, 37, 84, 140, 179, 207, 254], "summary": {"covered_lines": 15, "num_statements": 15, "percent_covered": 100.0, "percent_covered_display": "100", "missing_lines": 0, "excluded_lines": 0, "percent_statements_covered": 100.0, "percent_statements_covered_display": "100"}, "missing_lines": [], "excluded_lines": [], "start_line": 1}}, "classes": {"": {"executed_lines": [1, 3, 4, 5, 7, 8, 9, 11, 18, 19, 20, 21, 22, 23, 24, 25, 37, 40, 42, 43, 46, 47, 48, 49, 50, 52, 53, 54, 55, 56, 57, 58, 59, 60, 61, 69, 70, 71, 72, 73, 74, 75, 80, 81, 84, 89, 91, 92, 93, 96, 97, 98, 99, 100, 101, 102, 103, 105, 108, 109, 110, 111, 112, 115, 116, 119, 120, 121, 122, 123, 133, 134, 140, 141, 143, 144, 145, 148, 166, 169, 173, 179, 182, 184, 192, 201, 207, 215, 216, 251, 254, 260, 261, 262, 263, 265, 266, 272, 273, 274, 280, 281, 282, 283, 284, 285, 286, 287, 288, 289, 290, 292, 293, 294, 295, 303, 304, 305, 306, 307, 308, 309, 310, 311, 313, 314, 315, 316, 317, 318, 319, 320], "summary": {"covered_lines": 132, "num_statements": 146, "percent_covered": 90.41095890410959, "percent_covered_display": "90", "missing_lines": 14, "excluded_lines": 0, "percent_statements_covered": 90.41095890410959, "percent_statements_covered_display": "90"}, "missing_lines": [26, 27, 28, 29, 30, 31, 32, 33, 34, 41, 51, 90, 142, 183], "excluded_lines": [], "start_line": 1}}}, "src\\arknights_merch_analytics\\case_study.py": {"executed_lines": [1, 3, 5, 8, 17, 18, 20, 21, 22, 23, 26, 37, 38, 39, 40, 41, 45, 48, 104, 105, 106, 107, 108, 109, 110, 111, 112, 113, 116], "summary": {"covered_lines": 29, "num_statements": 37, "percent_covered": 78.37837837837837, "percent_covered_display": "78", "missing_lines": 8, "excluded_lines": 0, "percent_statements_covered": 78.37837837837837, "percent_statements_covered_display": "78"}, "missing_lines": [19, 123, 124, 125, 126, 127, 136, 170], "excluded_lines": [], "functions": {"build_selection_case": {"executed_lines": [17, 18, 20, 21, 22, 23, 26, 37, 38, 39, 40, 41, 45, 48, 104, 105, 106, 107, 108, 109, 110, 111, 112, 113], "summary": {"covered_lines": 24, "num_statements": 25, "percent_covered": 96.0, "percent_covered_display": "96", "missing_lines": 1, "excluded_lines": 0, "percent_statements_covered": 96.0, "percent_statements_covered_display": "96"}, "missing_lines": [19], "excluded_lines": [], "start_line": 8}, "write_selection_case_report": {"executed_lines": [], "summary": {"covered_lines": 0, "num_statements": 7, "percent_covered": 0.0, "percent_covered_display": "0", "missing_lines": 7, "excluded_lines": 0, "percent_statements_covered": 0.0, "percent_statements_covered_display": "0"}, "missing_lines": [123, 124, 125, 126, 127, 136, 170], "excluded_lines": [], "start_line": 116}, "": {"executed_lines": [1, 3, 5, 8, 116], "summary": {"covered_lines": 5, "num_statements": 5, "percent_covered": 100.0, "percent_covered_display": "100", "missing_lines": 0, "excluded_lines": 0, "percent_statements_covered": 100.0, "percent_statements_covered_display": "100"}, "missing_lines": [], "excluded_lines": [], "start_line": 1}}, "classes": {"": {"executed_lines": [1, 3, 5, 8, 17, 18, 20, 21, 22, 23, 26, 37, 38, 39, 40, 41, 45, 48, 104, 105, 106, 107, 108, 109, 110, 111, 112, 113, 116], "summary": {"covered_lines": 29, "num_statements": 37, "percent_covered": 78.37837837837837, "percent_covered_display": "78", "missing_lines": 8, "excluded_lines": 0, "percent_statements_covered": 78.37837837837837, "percent_statements_covered_display": "78"}, "missing_lines": [19, 123, 124, 125, 126, 127, 136, 170], "excluded_lines": [], "start_line": 1}}}, "src\\arknights_merch_analytics\\collector.py": {"executed_lines": [1, 3, 4, 5, 6, 7, 8, 9, 10, 11, 13, 14, 17, 18, 19, 20, 23, 27, 28, 29, 30, 31, 32, 33, 34, 35, 38, 39, 42, 43, 44, 45, 48, 49, 50, 51, 55, 124, 137, 138, 140, 142, 143, 145, 146, 147, 148, 150, 151, 154, 155, 156, 158, 159, 162, 163, 166, 175, 176, 177, 178, 179, 180, 181, 182, 184, 185, 186, 188, 189, 190, 196, 200, 201, 202, 204, 205, 206, 208, 209, 211, 212, 233, 234, 235, 236, 238, 239, 240, 245, 246, 247, 250, 253, 254, 255, 256, 257, 258, 259, 260, 261, 262, 263, 264, 266, 267, 268, 270, 271, 272, 289, 290, 291, 294, 297, 298, 299, 302, 303, 304, 305, 306, 307, 308, 309, 310, 312, 330, 331, 332, 333], "summary": {"covered_lines": 132, "num_statements": 181, "percent_covered": 72.92817679558011, "percent_covered_display": "73", "missing_lines": 49, "excluded_lines": 0, "percent_statements_covered": 72.92817679558011, "percent_statements_covered_display": "73"}, "missing_lines": [52, 56, 57, 63, 64, 65, 66, 77, 78, 79, 80, 81, 82, 83, 84, 85, 86, 88, 89, 90, 91, 92, 93, 94, 95, 96, 97, 98, 117, 119, 120, 121, 125, 126, 139, 141, 144, 149, 157, 160, 161, 187, 197, 203, 207, 210, 265, 269, 311], "excluded_lines": [], "functions": {"clean_title": {"executed_lines": [39], "summary": {"covered_lines": 1, "num_statements": 1, "percent_covered": 100.0, "percent_covered_display": "100", "missing_lines": 0, "excluded_lines": 0, "percent_statements_covered": 100.0, "percent_statements_covered_display": "100"}, "missing_lines": [], "excluded_lines": [], "start_line": 38}, "_request_json": {"executed_lines": [43, 44, 45, 48, 49, 50, 51], "summary": {"covered_lines": 7, "num_statements": 8, "percent_covered": 87.5, "percent_covered_display": "88", "missing_lines": 1, "excluded_lines": 0, "percent_statements_covered": 87.5, "percent_statements_covered_display": "88"}, "missing_lines": [52], "excluded_lines": [], "start_line": 42}, "collect_bilibili": {"executed_lines": [], "summary": {"covered_lines": 0, "num_statements": 31, "percent_covered": 0.0, "percent_covered_display": "0", "missing_lines": 31, "excluded_lines": 0, "percent_statements_covered": 0.0, "percent_statements_covered_display": "0"}, "missing_lines": [56, 57, 63, 64, 65, 66, 77, 78, 79, 80, 81, 82, 83, 84, 85, 86, 88, 89, 90, 91, 92, 93, 94, 95, 96, 97, 98, 117, 119, 120, 121], "excluded_lines": [], "start_line": 55}, "load_config": {"executed_lines": [], "summary": {"covered_lines": 0, "num_statements": 2, "percent_covered": 0.0, "percent_covered_display": "0", "missing_lines": 2, "excluded_lines": 0, "percent_statements_covered": 0.0, "percent_statements_covered_display": "0"}, "missing_lines": [125, 126], "excluded_lines": [], "start_line": 124}, "parse_human_count": {"executed_lines": [138, 140, 142, 143, 145, 146, 147, 148, 150, 151], "summary": {"covered_lines": 10, "num_statements": 14, "percent_covered": 71.42857142857143, "percent_covered_display": "71", "missing_lines": 4, "excluded_lines": 0, "percent_statements_covered": 71.42857142857143, "percent_statements_covered_display": "71"}, "missing_lines": [139, 141, 144, 149], "excluded_lines": [], "start_line": 137}, "_fix_sina_text": {"executed_lines": [155, 156, 158, 159, 162, 163], "summary": {"covered_lines": 6, "num_statements": 9, "percent_covered": 66.66666666666667, "percent_covered_display": "67", "missing_lines": 3, "excluded_lines": 0, "percent_statements_covered": 66.66666666666667, "percent_statements_covered_display": "67"}, "missing_lines": [157, 160, 161], "excluded_lines": [], "start_line": 154}, "collect_bilibili_related": {"executed_lines": [175, 176, 177, 178, 179, 180, 181, 182, 184, 185, 186, 188, 189, 190, 196, 200, 201, 202, 204, 205, 206, 208, 209, 211, 212, 233, 234, 235, 236, 238, 239, 240, 245, 246, 247, 250], "summary": {"covered_lines": 36, "num_statements": 41, "percent_covered": 87.8048780487805, "percent_covered_display": "88", "missing_lines": 5, "excluded_lines": 0, "percent_statements_covered": 87.8048780487805, "percent_statements_covered_display": "88"}, "missing_lines": [187, 197, 203, 207, 210], "excluded_lines": [], "start_line": 166}, "collect_weibo_sina_mirror": {"executed_lines": [254, 255, 256, 257, 258, 259, 260, 261, 262, 263, 264, 266, 267, 268, 270, 271, 272, 289, 290, 291], "summary": {"covered_lines": 20, "num_statements": 22, "percent_covered": 90.9090909090909, "percent_covered_display": "91", "missing_lines": 2, "excluded_lines": 0, "percent_statements_covered": 90.9090909090909, "percent_statements_covered_display": "91"}, "missing_lines": [265, 269], "excluded_lines": [], "start_line": 253}, "collect_xhs_brand_snapshots": {"executed_lines": [297, 298, 299, 302, 303, 304, 305, 306, 307, 308, 309, 310, 312, 330, 331, 332, 333], "summary": {"covered_lines": 17, "num_statements": 18, "percent_covered": 94.44444444444444, "percent_covered_display": "94", "missing_lines": 1, "excluded_lines": 0, "percent_statements_covered": 94.44444444444444, "percent_statements_covered_display": "94"}, "missing_lines": [311], "excluded_lines": [], "start_line": 294}, "": {"executed_lines": [1, 3, 4, 5, 6, 7, 8, 9, 10, 11, 13, 14, 17, 18, 19, 20, 23, 27, 28, 29, 30, 31, 32, 33, 34, 35, 38, 42, 55, 124, 137, 154, 166, 253, 294], "summary": {"covered_lines": 35, "num_statements": 35, "percent_covered": 100.0, "percent_covered_display": "100", "missing_lines": 0, "excluded_lines": 0, "percent_statements_covered": 100.0, "percent_statements_covered_display": "100"}, "missing_lines": [], "excluded_lines": [], "start_line": 1}}, "classes": {"SourceRateLimited": {"executed_lines": [], "summary": {"covered_lines": 0, "num_statements": 0, "percent_covered": 100.0, "percent_covered_display": "100", "missing_lines": 0, "excluded_lines": 0, "percent_statements_covered": 100.0, "percent_statements_covered_display": "100"}, "missing_lines": [], "excluded_lines": [], "start_line": 23}, "BilibiliConfig": {"executed_lines": [], "summary": {"covered_lines": 0, "num_statements": 0, "percent_covered": 100.0, "percent_covered_display": "100", "missing_lines": 0, "excluded_lines": 0, "percent_statements_covered": 100.0, "percent_statements_covered_display": "100"}, "missing_lines": [], "excluded_lines": [], "start_line": 28}, "": {"executed_lines": [1, 3, 4, 5, 6, 7, 8, 9, 10, 11, 13, 14, 17, 18, 19, 20, 23, 27, 28, 29, 30, 31, 32, 33, 34, 35, 38, 39, 42, 43, 44, 45, 48, 49, 50, 51, 55, 124, 137, 138, 140, 142, 143, 145, 146, 147, 148, 150, 151, 154, 155, 156, 158, 159, 162, 163, 166, 175, 176, 177, 178, 179, 180, 181, 182, 184, 185, 186, 188, 189, 190, 196, 200, 201, 202, 204, 205, 206, 208, 209, 211, 212, 233, 234, 235, 236, 238, 239, 240, 245, 246, 247, 250, 253, 254, 255, 256, 257, 258, 259, 260, 261, 262, 263, 264, 266, 267, 268, 270, 271, 272, 289, 290, 291, 294, 297, 298, 299, 302, 303, 304, 305, 306, 307, 308, 309, 310, 312, 330, 331, 332, 333], "summary": {"covered_lines": 132, "num_statements": 181, "percent_covered": 72.92817679558011, "percent_covered_display": "73", "missing_lines": 49, "excluded_lines": 0, "percent_statements_covered": 72.92817679558011, "percent_statements_covered_display": "73"}, "missing_lines": [52, 56, 57, 63, 64, 65, 66, 77, 78, 79, 80, 81, 82, 83, 84, 85, 86, 88, 89, 90, 91, 92, 93, 94, 95, 96, 97, 98, 117, 119, 120, 121, 125, 126, 139, 141, 144, 149, 157, 160, 161, 187, 197, 203, 207, 210, 265, 269, 311], "excluded_lines": [], "start_line": 1}}}, "src\\arknights_merch_analytics\\commerce.py": {"executed_lines": [1, 3, 4, 5, 6, 8, 9, 11, 14, 24, 40, 41, 42, 44, 45, 48, 49, 50, 52, 53, 56, 57, 58, 59, 60, 64, 65, 66, 68, 72, 73, 76, 77, 78, 80, 82, 85, 86, 87, 88, 89, 90, 91, 92, 93, 94, 99, 102, 103, 104, 105, 106, 107, 108, 109, 110, 111, 113, 116, 117, 118, 119, 120, 121, 122, 123, 124, 125, 126, 157, 158, 160, 161, 162, 163, 164, 167, 168, 169, 171, 172, 173, 174, 175, 176, 177, 178, 201, 204, 205, 210, 211, 212, 213, 215, 216, 217, 233, 234, 235, 239, 251, 252, 253, 264, 265, 266, 267, 268, 269, 270, 273, 276, 279, 282, 283, 290, 296, 301, 304, 305, 308, 311, 312, 313, 314, 315, 316, 317, 329, 332, 338], "summary": {"covered_lines": 132, "num_statements": 147, "percent_covered": 89.79591836734694, "percent_covered_display": "90", "missing_lines": 15, "excluded_lines": 0, "percent_statements_covered": 89.79591836734694, "percent_statements_covered_display": "90"}, "missing_lines": [43, 51, 61, 67, 79, 81, 97, 98, 112, 159, 170, 214, 236, 237, 238], "excluded_lines": [], "functions": {"parse_price": {"executed_lines": [41, 42, 44, 45], "summary": {"covered_lines": 4, "num_statements": 5, "percent_covered": 80.0, "percent_covered_display": "80", "missing_lines": 1, "excluded_lines": 0, "percent_statements_covered": 80.0, "percent_statements_covered_display": "80"}, "missing_lines": [43], "excluded_lines": [], "start_line": 40}, "parse_sales_proxy": {"executed_lines": [49, 50, 52, 53], "summary": {"covered_lines": 4, "num_statements": 5, "percent_covered": 80.0, "percent_covered_display": "80", "missing_lines": 1, "excluded_lines": 0, "percent_statements_covered": 80.0, "percent_statements_covered_display": "80"}, "missing_lines": [51], "excluded_lines": [], "start_line": 48}, "classify_category": {"executed_lines": [57, 58, 59, 60], "summary": {"covered_lines": 4, "num_statements": 5, "percent_covered": 80.0, "percent_covered_display": "80", "missing_lines": 1, "excluded_lines": 0, "percent_statements_covered": 80.0, "percent_statements_covered_display": "80"}, "missing_lines": [61], "excluded_lines": [], "start_line": 56}, "classify_rights": {"executed_lines": [65, 66, 68, 72, 73], "summary": {"covered_lines": 5, "num_statements": 6, "percent_covered": 83.33333333333333, "percent_covered_display": "83", "missing_lines": 1, "excluded_lines": 0, "percent_statements_covered": 83.33333333333333, "percent_statements_covered_display": "83"}, "missing_lines": [67], "excluded_lines": [], "start_line": 64}, "classify_fulfillment": {"executed_lines": [77, 78, 80, 82], "summary": {"covered_lines": 4, "num_statements": 6, "percent_covered": 66.66666666666667, "percent_covered_display": "67", "missing_lines": 2, "excluded_lines": 0, "percent_statements_covered": 66.66666666666667, "percent_statements_covered_display": "67"}, "missing_lines": [79, 81], "excluded_lines": [], "start_line": 76}, "_operator_mentions": {"executed_lines": [86, 87, 88, 89, 90, 91, 92, 93, 94, 99], "summary": {"covered_lines": 10, "num_statements": 12, "percent_covered": 83.33333333333333, "percent_covered_display": "83", "missing_lines": 2, "excluded_lines": 0, "percent_statements_covered": 83.33333333333333, "percent_statements_covered_display": "83"}, "missing_lines": [97, 98], "excluded_lines": [], "start_line": 85}, "_target_relevance": {"executed_lines": [103, 104, 105, 106, 107, 108, 109, 110, 111, 113], "summary": {"covered_lines": 10, "num_statements": 11, "percent_covered": 90.9090909090909, "percent_covered_display": "91", "missing_lines": 1, "excluded_lines": 0, "percent_statements_covered": 90.9090909090909, "percent_statements_covered_display": "91"}, "missing_lines": [112], "excluded_lines": [], "start_line": 102}, "load_taobao_snapshots": {"executed_lines": [117, 118, 119, 120, 121, 122, 123, 124, 125, 126, 157, 158, 160, 161, 162, 163, 164], "summary": {"covered_lines": 17, "num_statements": 18, "percent_covered": 94.44444444444444, "percent_covered_display": "94", "missing_lines": 1, "excluded_lines": 0, "percent_statements_covered": 94.44444444444444, "percent_statements_covered_display": "94"}, "missing_lines": [159], "excluded_lines": [], "start_line": 116}, "build_targeted_query_summary": {"executed_lines": [168, 169, 171, 172, 173, 174, 175, 176, 177, 178, 201], "summary": {"covered_lines": 11, "num_statements": 12, "percent_covered": 91.66666666666667, "percent_covered_display": "92", "missing_lines": 1, "excluded_lines": 0, "percent_statements_covered": 91.66666666666667, "percent_statements_covered_display": "92"}, "missing_lines": [170], "excluded_lines": [], "start_line": 167}, "build_taobao_market_signals": {"executed_lines": [205, 210, 211, 212, 213, 215, 216, 217, 233, 234, 235, 239, 251, 252, 253, 264, 265, 266, 267, 268, 269, 270, 273, 276, 279, 282, 283, 290, 296, 301, 304, 305], "summary": {"covered_lines": 32, "num_statements": 36, "percent_covered": 88.88888888888889, "percent_covered_display": "89", "missing_lines": 4, "excluded_lines": 0, "percent_statements_covered": 88.88888888888889, "percent_statements_covered_display": "89"}, "missing_lines": [214, 236, 237, 238], "excluded_lines": [], "start_line": 204}, "build_content_commerce_matrix": {"executed_lines": [311, 312, 313, 314, 315, 316, 317, 329, 332, 338], "summary": {"covered_lines": 10, "num_statements": 10, "percent_covered": 100.0, "percent_covered_display": "100", "missing_lines": 0, "excluded_lines": 0, "percent_statements_covered": 100.0, "percent_statements_covered_display": "100"}, "missing_lines": [], "excluded_lines": [], "start_line": 308}, "": {"executed_lines": [1, 3, 4, 5, 6, 8, 9, 11, 14, 24, 40, 48, 56, 64, 76, 85, 102, 116, 167, 204, 308], "summary": {"covered_lines": 21, "num_statements": 21, "percent_covered": 100.0, "percent_covered_display": "100", "missing_lines": 0, "excluded_lines": 0, "percent_statements_covered": 100.0, "percent_statements_covered_display": "100"}, "missing_lines": [], "excluded_lines": [], "start_line": 1}}, "classes": {"": {"executed_lines": [1, 3, 4, 5, 6, 8, 9, 11, 14, 24, 40, 41, 42, 44, 45, 48, 49, 50, 52, 53, 56, 57, 58, 59, 60, 64, 65, 66, 68, 72, 73, 76, 77, 78, 80, 82, 85, 86, 87, 88, 89, 90, 91, 92, 93, 94, 99, 102, 103, 104, 105, 106, 107, 108, 109, 110, 111, 113, 116, 117, 118, 119, 120, 121, 122, 123, 124, 125, 126, 157, 158, 160, 161, 162, 163, 164, 167, 168, 169, 171, 172, 173, 174, 175, 176, 177, 178, 201, 204, 205, 210, 211, 212, 213, 215, 216, 217, 233, 234, 235, 239, 251, 252, 253, 264, 265, 266, 267, 268, 269, 270, 273, 276, 279, 282, 283, 290, 296, 301, 304, 305, 308, 311, 312, 313, 314, 315, 316, 317, 329, 332, 338], "summary": {"covered_lines": 132, "num_statements": 147, "percent_covered": 89.79591836734694, "percent_covered_display": "90", "missing_lines": 15, "excluded_lines": 0, "percent_statements_covered": 89.79591836734694, "percent_statements_covered_display": "90"}, "missing_lines": [43, 51, 61, 67, 79, 81, 97, 98, 112, 159, 170, 214, 236, 237, 238], "excluded_lines": [], "start_line": 1}}}, "src\\arknights_merch_analytics\\database.py": {"executed_lines": [1, 3, 4, 6, 9, 12, 39, 40, 41, 42, 43, 44, 45, 47, 49, 50, 51, 52, 53, 54, 55, 56, 57, 59, 61, 63, 65, 67, 69, 71, 73, 75, 78, 87, 89, 92, 107, 110, 119, 122, 132, 144, 145, 146, 158, 162, 166, 170, 174, 175, 176], "summary": {"covered_lines": 51, "num_statements": 71, "percent_covered": 71.83098591549296, "percent_covered_display": "72", "missing_lines": 20, "excluded_lines": 0, "percent_statements_covered": 71.83098591549296, "percent_statements_covered_display": "72"}, "missing_lines": [46, 48, 58, 60, 62, 64, 66, 68, 70, 72, 74, 76, 88, 90, 108, 120, 159, 163, 167, 171], "excluded_lines": [], "functions": {"export_sqlite": {"executed_lines": [39, 40, 41, 42, 43, 44, 45, 47, 49, 50, 51, 52, 53, 54, 55, 56, 57, 59, 61, 63, 65, 67, 69, 71, 73, 75, 78, 87, 89, 92, 107, 110, 119, 122, 132, 144, 145, 146, 158, 162, 166, 170, 174, 175, 176], "summary": {"covered_lines": 45, "num_statements": 65, "percent_covered": 69.23076923076923, "percent_covered_display": "69", "missing_lines": 20, "excluded_lines": 0, "percent_statements_covered": 69.23076923076923, "percent_statements_covered_display": "69"}, "missing_lines": [46, 48, 58, 60, 62, 64, 66, 68, 70, 72, 74, 76, 88, 90, 108, 120, 159, 163, 167, 171], "excluded_lines": [], "start_line": 12}, "": {"executed_lines": [1, 3, 4, 6, 9, 12], "summary": {"covered_lines": 6, "num_statements": 6, "percent_covered": 100.0, "percent_covered_display": "100", "missing_lines": 0, "excluded_lines": 0, "percent_statements_covered": 100.0, "percent_statements_covered_display": "100"}, "missing_lines": [], "excluded_lines": [], "start_line": 1}}, "classes": {"": {"executed_lines": [1, 3, 4, 6, 9, 12, 39, 40, 41, 42, 43, 44, 45, 47, 49, 50, 51, 52, 53, 54, 55, 56, 57, 59, 61, 63, 65, 67, 69, 71, 73, 75, 78, 87, 89, 92, 107, 110, 119, 122, 132, 144, 145, 146, 158, 162, 166, 170, 174, 175, 176], "summary": {"covered_lines": 51, "num_statements": 71, "percent_covered": 71.83098591549296, "percent_covered_display": "72", "missing_lines": 20, "excluded_lines": 0, "percent_statements_covered": 71.83098591549296, "percent_statements_covered_display": "72"}, "missing_lines": [46, 48, 58, 60, 62, 64, 66, 68, 70, 72, 74, 76, 88, 90, 108, 120, 159, 163, 167, 171], "excluded_lines": [], "start_line": 1}}}, "src\\arknights_merch_analytics\\erp.py": {"executed_lines": [1, 3, 4, 6, 7, 10, 20, 29, 38, 47, 50, 51, 52, 53, 56, 60, 63, 64, 65, 67, 68, 69, 72, 81, 83, 85, 86, 87, 90, 101, 102, 105, 106, 107, 108, 109, 111, 123, 124, 125, 126, 127, 128, 131, 139, 143, 147, 151, 152, 153, 155, 156, 157, 162, 163, 164, 166, 167, 168, 169, 174, 175, 176, 177, 178, 179, 180, 181, 182, 185, 186, 187, 189, 192, 193, 194, 195, 196, 197, 198, 199, 200, 201, 202, 203, 222, 225, 228, 250, 251, 252, 256, 260, 261, 262, 263, 264, 265, 266, 267, 268, 269, 270, 286, 304, 309, 312, 318, 319, 321, 322, 323, 324, 325, 326, 327, 328, 329, 330, 331, 332, 342, 343, 344, 345, 346, 347, 348, 349, 350, 351, 356, 357, 358, 359, 360, 363, 364, 365, 366, 383, 388, 389, 390, 409, 410, 429, 430, 437, 440, 441, 444, 447, 453, 471, 472, 473, 476, 477, 480, 483, 484, 485, 488, 498, 507, 508, 510, 521, 527, 528, 529, 530, 531, 532, 533, 534, 554, 555, 558], "summary": {"covered_lines": 180, "num_statements": 211, "percent_covered": 85.30805687203791, "percent_covered_display": "85", "missing_lines": 31, "excluded_lines": 0, "percent_statements_covered": 85.30805687203791, "percent_statements_covered_display": "85"}, "missing_lines": [61, 66, 82, 84, 103, 171, 172, 310, 333, 334, 335, 336, 337, 338, 339, 340, 341, 384, 442, 563, 564, 565, 566, 570, 574, 579, 583, 591, 592, 593, 617], "excluded_lines": [], "functions": {"_normalized_weights": {"executed_lines": [51, 52, 53], "summary": {"covered_lines": 3, "num_statements": 3, "percent_covered": 100.0, "percent_covered_display": "100", "missing_lines": 0, "excluded_lines": 0, "percent_statements_covered": 100.0, "percent_statements_covered_display": "100"}, "missing_lines": [], "excluded_lines": [], "start_line": 50}, "_survey_weights": {"executed_lines": [60, 63, 64, 65, 67, 68, 69], "summary": {"covered_lines": 7, "num_statements": 9, "percent_covered": 77.77777777777777, "percent_covered_display": "78", "missing_lines": 2, "excluded_lines": 0, "percent_statements_covered": 77.77777777777777, "percent_statements_covered_display": "78"}, "missing_lines": [61, 66], "excluded_lines": [], "start_line": 56}, "simulate_erp_operations": {"executed_lines": [81, 83, 85, 86, 87, 90, 101, 102, 105, 106, 107, 108, 109, 111, 123, 124, 125, 126, 127, 128, 131, 139, 143, 147, 151, 152, 153, 155, 156, 157, 162, 163, 164, 166, 167, 168, 169, 174, 175, 176, 177, 178, 179, 180, 181, 182, 185, 186, 187, 189, 192, 193, 194, 195, 196, 197, 198, 199, 200, 201, 202, 203, 222, 225, 228, 250, 251, 252, 256, 260, 261, 262, 263, 264, 265, 266, 267, 268, 269, 270, 286, 304, 309, 312, 318, 319, 321, 322, 323, 324, 325, 326, 327, 328, 329, 330, 331, 332, 342, 343, 344, 345, 346, 347, 348, 349, 350, 351, 356, 357, 358, 359, 360, 363, 364, 365, 366, 383, 388, 389, 390, 409, 410, 429, 430, 437, 440, 441, 444, 447, 453, 471, 472, 473, 476, 477, 480, 483, 484, 485, 488, 498, 507, 508, 510], "summary": {"covered_lines": 145, "num_statements": 162, "percent_covered": 89.50617283950618, "percent_covered_display": "90", "missing_lines": 17, "excluded_lines": 0, "percent_statements_covered": 89.50617283950618, "percent_statements_covered_display": "90"}, "missing_lines": [82, 84, 103, 171, 172, 310, 333, 334, 335, 336, 337, 338, 339, 340, 341, 384, 442], "excluded_lines": [], "start_line": 72}, "export_erp_tables": {"executed_lines": [527, 528, 529, 530, 531, 532, 533, 534, 554, 555], "summary": {"covered_lines": 10, "num_statements": 10, "percent_covered": 100.0, "percent_covered_display": "100", "missing_lines": 0, "excluded_lines": 0, "percent_statements_covered": 100.0, "percent_statements_covered_display": "100"}, "missing_lines": [], "excluded_lines": [], "start_line": 521}, "write_erp_report": {"executed_lines": [], "summary": {"covered_lines": 0, "num_statements": 12, "percent_covered": 0.0, "percent_covered_display": "0", "missing_lines": 12, "excluded_lines": 0, "percent_statements_covered": 0.0, "percent_statements_covered_display": "0"}, "missing_lines": [563, 564, 565, 566, 570, 574, 579, 583, 591, 592, 593, 617], "excluded_lines": [], "start_line": 558}, "": {"executed_lines": [1, 3, 4, 6, 7, 10, 20, 29, 38, 47, 50, 56, 72, 521, 558], "summary": {"covered_lines": 15, "num_statements": 15, "percent_covered": 100.0, "percent_covered_display": "100", "missing_lines": 0, "excluded_lines": 0, "percent_statements_covered": 100.0, "percent_statements_covered_display": "100"}, "missing_lines": [], "excluded_lines": [], "start_line": 1}}, "classes": {"": {"executed_lines": [1, 3, 4, 6, 7, 10, 20, 29, 38, 47, 50, 51, 52, 53, 56, 60, 63, 64, 65, 67, 68, 69, 72, 81, 83, 85, 86, 87, 90, 101, 102, 105, 106, 107, 108, 109, 111, 123, 124, 125, 126, 127, 128, 131, 139, 143, 147, 151, 152, 153, 155, 156, 157, 162, 163, 164, 166, 167, 168, 169, 174, 175, 176, 177, 178, 179, 180, 181, 182, 185, 186, 187, 189, 192, 193, 194, 195, 196, 197, 198, 199, 200, 201, 202, 203, 222, 225, 228, 250, 251, 252, 256, 260, 261, 262, 263, 264, 265, 266, 267, 268, 269, 270, 286, 304, 309, 312, 318, 319, 321, 322, 323, 324, 325, 326, 327, 328, 329, 330, 331, 332, 342, 343, 344, 345, 346, 347, 348, 349, 350, 351, 356, 357, 358, 359, 360, 363, 364, 365, 366, 383, 388, 389, 390, 409, 410, 429, 430, 437, 440, 441, 444, 447, 453, 471, 472, 473, 476, 477, 480, 483, 484, 485, 488, 498, 507, 508, 510, 521, 527, 528, 529, 530, 531, 532, 533, 534, 554, 555, 558], "summary": {"covered_lines": 180, "num_statements": 211, "percent_covered": 85.30805687203791, "percent_covered_display": "85", "missing_lines": 31, "excluded_lines": 0, "percent_statements_covered": 85.30805687203791, "percent_statements_covered_display": "85"}, "missing_lines": [61, 66, 82, 84, 103, 171, 172, 310, 333, 334, 335, 336, 337, 338, 339, 340, 341, 384, 442, 563, 564, 565, 566, 570, 574, 579, 583, 591, 592, 593, 617], "excluded_lines": [], "start_line": 1}}}, "src\\arknights_merch_analytics\\metrics.py": {"executed_lines": [1, 3, 4, 6, 7, 10, 14, 17, 18, 19, 20, 21, 22, 23, 26, 27, 28, 29, 30, 33, 34, 45, 46, 49, 50, 51, 52, 55, 56, 57, 58, 59, 60, 68, 69, 70, 71, 72, 73, 74, 81, 95, 96, 99, 100, 101, 102, 103, 104, 105, 106, 110, 117, 122, 125, 126, 127, 128, 131, 132, 133, 134, 135, 137, 138, 139, 140, 141, 142, 143, 144, 145, 146, 147, 148, 149, 150, 151, 152, 159, 160, 163, 164, 165, 166, 167, 168, 170, 171, 174, 177, 179, 180, 181, 185, 186, 187, 209, 210, 211, 223, 224, 225, 226, 237, 240, 245, 246, 247, 250, 251, 252, 253, 254, 255, 256, 259, 260, 264, 269, 272, 278, 283, 284, 285, 288, 294, 299, 302, 303, 306, 307], "summary": {"covered_lines": 132, "num_statements": 153, "percent_covered": 86.27450980392157, "percent_covered_display": "86", "missing_lines": 21, "excluded_lines": 0, "percent_statements_covered": 86.27450980392157, "percent_statements_covered_display": "86"}, "missing_lines": [47, 53, 136, 169, 178, 182, 183, 184, 188, 189, 190, 191, 192, 193, 194, 195, 196, 197, 198, 205, 206], "excluded_lines": [], "functions": {"extract_operator": {"executed_lines": [18, 19, 20, 21, 22, 23], "summary": {"covered_lines": 6, "num_statements": 6, "percent_covered": 100.0, "percent_covered_display": "100", "missing_lines": 0, "excluded_lines": 0, "percent_statements_covered": 100.0, "percent_statements_covered_display": "100"}, "missing_lines": [], "excluded_lines": [], "start_line": 17}, "percentile_score": {"executed_lines": [27, 28, 29, 30], "summary": {"covered_lines": 4, "num_statements": 4, "percent_covered": 100.0, "percent_covered_display": "100", "missing_lines": 0, "excluded_lines": 0, "percent_statements_covered": 100.0, "percent_statements_covered_display": "100"}, "missing_lines": [], "excluded_lines": [], "start_line": 26}, "build_operator_heat": {"executed_lines": [34, 45, 46, 49, 50, 51, 52, 55, 56, 57, 58, 59, 60, 68, 69, 70, 71, 72, 73, 74, 81, 95, 96], "summary": {"covered_lines": 23, "num_statements": 25, "percent_covered": 92.0, "percent_covered_display": "92", "missing_lines": 2, "excluded_lines": 0, "percent_statements_covered": 92.0, "percent_statements_covered_display": "92"}, "missing_lines": [47, 53], "excluded_lines": [], "start_line": 33}, "build_sku_recommendations": {"executed_lines": [100, 101, 102, 103, 104, 105, 106, 110, 117, 122], "summary": {"covered_lines": 10, "num_statements": 10, "percent_covered": 100.0, "percent_covered_display": "100", "missing_lines": 0, "excluded_lines": 0, "percent_statements_covered": 100.0, "percent_statements_covered_display": "100"}, "missing_lines": [], "excluded_lines": [], "start_line": 99}, "_age_days": {"executed_lines": [126, 127, 128], "summary": {"covered_lines": 3, "num_statements": 3, "percent_covered": 100.0, "percent_covered_display": "100", "missing_lines": 0, "excluded_lines": 0, "percent_statements_covered": 100.0, "percent_statements_covered_display": "100"}, "missing_lines": [], "excluded_lines": [], "start_line": 125}, "score_bilibili_posts": {"executed_lines": [132, 133, 134, 135, 137, 138, 139, 140, 141, 142, 143, 144, 145, 146, 147, 148, 149, 150, 151, 152, 159, 160], "summary": {"covered_lines": 22, "num_statements": 23, "percent_covered": 95.65217391304348, "percent_covered_display": "96", "missing_lines": 1, "excluded_lines": 0, "percent_statements_covered": 95.65217391304348, "percent_statements_covered_display": "96"}, "missing_lines": [136], "excluded_lines": [], "start_line": 131}, "_weibo_operator_mentions": {"executed_lines": [164, 165, 166, 167, 168, 170, 171], "summary": {"covered_lines": 7, "num_statements": 8, "percent_covered": 87.5, "percent_covered_display": "88", "missing_lines": 1, "excluded_lines": 0, "percent_statements_covered": 87.5, "percent_statements_covered_display": "88"}, "missing_lines": [169], "excluded_lines": [], "start_line": 163}, "score_weibo_posts": {"executed_lines": [177, 179, 180, 181, 185, 186, 187], "summary": {"covered_lines": 7, "num_statements": 24, "percent_covered": 29.166666666666668, "percent_covered_display": "29", "missing_lines": 17, "excluded_lines": 0, "percent_statements_covered": 29.166666666666668, "percent_statements_covered_display": "29"}, "missing_lines": [178, 182, 183, 184, 188, 189, 190, 191, 192, 193, 194, 195, 196, 197, 198, 205, 206], "excluded_lines": [], "start_line": 174}, "_aggregate_platform": {"executed_lines": [210, 211, 223, 224, 225, 226, 237], "summary": {"covered_lines": 7, "num_statements": 7, "percent_covered": 100.0, "percent_covered_display": "100", "missing_lines": 0, "excluded_lines": 0, "percent_statements_covered": 100.0, "percent_statements_covered_display": "100"}, "missing_lines": [], "excluded_lines": [], "start_line": 209}, "build_character_heat_matrix": {"executed_lines": [245, 246, 247, 250, 251, 252, 253, 254, 255, 256, 259, 260, 264, 269, 272, 278, 283, 284, 285, 288, 294, 299, 302, 303, 306, 307], "summary": {"covered_lines": 26, "num_statements": 26, "percent_covered": 100.0, "percent_covered_display": "100", "missing_lines": 0, "excluded_lines": 0, "percent_statements_covered": 100.0, "percent_statements_covered_display": "100"}, "missing_lines": [], "excluded_lines": [], "start_line": 240}, "": {"executed_lines": [1, 3, 4, 6, 7, 10, 14, 17, 26, 33, 99, 125, 131, 163, 174, 209, 240], "summary": {"covered_lines": 17, "num_statements": 17, "percent_covered": 100.0, "percent_covered_display": "100", "missing_lines": 0, "excluded_lines": 0, "percent_statements_covered": 100.0, "percent_statements_covered_display": "100"}, "missing_lines": [], "excluded_lines": [], "start_line": 1}}, "classes": {"": {"executed_lines": [1, 3, 4, 6, 7, 10, 14, 17, 18, 19, 20, 21, 22, 23, 26, 27, 28, 29, 30, 33, 34, 45, 46, 49, 50, 51, 52, 55, 56, 57, 58, 59, 60, 68, 69, 70, 71, 72, 73, 74, 81, 95, 96, 99, 100, 101, 102, 103, 104, 105, 106, 110, 117, 122, 125, 126, 127, 128, 131, 132, 133, 134, 135, 137, 138, 139, 140, 141, 142, 143, 144, 145, 146, 147, 148, 149, 150, 151, 152, 159, 160, 163, 164, 165, 166, 167, 168, 170, 171, 174, 177, 179, 180, 181, 185, 186, 187, 209, 210, 211, 223, 224, 225, 226, 237, 240, 245, 246, 247, 250, 251, 252, 253, 254, 255, 256, 259, 260, 264, 269, 272, 278, 283, 284, 285, 288, 294, 299, 302, 303, 306, 307], "summary": {"covered_lines": 132, "num_statements": 153, "percent_covered": 86.27450980392157, "percent_covered_display": "86", "missing_lines": 21, "excluded_lines": 0, "percent_statements_covered": 86.27450980392157, "percent_statements_covered_display": "86"}, "missing_lines": [47, 53, 136, 169, 178, 182, 183, 184, 188, 189, 190, 191, 192, 193, 194, 195, 196, 197, 198, 205, 206], "excluded_lines": [], "start_line": 1}}}, "src\\arknights_merch_analytics\\operations_analytics.py": {"executed_lines": [1, 3, 4, 6, 7, 8, 11, 12, 15, 24, 25, 26, 27, 28, 29, 30, 31, 34, 37, 38, 39, 40, 41, 42, 43, 44, 45, 48, 54, 62, 69, 78, 81, 82, 88, 92, 97, 102, 108, 112, 113, 114, 115, 116, 117, 120, 121, 122, 128, 131, 132, 133, 137, 138, 139, 140, 143, 146, 149, 152, 156, 157, 158, 159, 164, 177, 180, 183, 186, 192, 193, 194, 200, 203, 204, 211, 216, 221, 222, 225, 231, 236, 237, 238, 239, 248, 263, 264, 267, 296, 316, 386, 393, 394, 395, 396, 397, 402, 403, 409, 410, 411, 412, 415, 416, 417, 418, 421, 425, 430, 433, 434, 442, 445, 446, 451, 452, 454, 455, 458, 465, 466, 467, 468, 469, 470, 471, 472, 473, 474, 477, 526, 560, 610, 651, 666, 787, 810], "summary": {"covered_lines": 138, "num_statements": 314, "percent_covered": 43.94904458598726, "percent_covered_display": "44", "missing_lines": 176, "excluded_lines": 0, "percent_statements_covered": 43.94904458598726, "percent_statements_covered_display": "44"}, "missing_lines": [33, 270, 275, 279, 280, 281, 282, 291, 297, 298, 299, 300, 301, 305, 308, 313, 322, 323, 324, 331, 334, 335, 337, 338, 341, 345, 346, 349, 350, 351, 352, 353, 358, 359, 360, 361, 362, 365, 382, 383, 453, 482, 483, 491, 494, 499, 500, 502, 503, 507, 508, 511, 512, 513, 516, 519, 522, 523, 527, 540, 543, 544, 547, 556, 557, 566, 567, 568, 574, 575, 576, 580, 581, 582, 588, 589, 591, 592, 593, 597, 598, 599, 600, 601, 602, 603, 604, 605, 606, 607, 626, 627, 628, 645, 657, 658, 659, 660, 661, 662, 663, 667, 668, 669, 670, 671, 672, 673, 674, 675, 676, 690, 703, 715, 783, 784, 788, 789, 802, 803, 804, 805, 806, 807, 811, 812, 813, 814, 815, 816, 817, 818, 819, 821, 822, 823, 824, 831, 832, 835, 836, 837, 838, 839, 840, 841, 843, 844, 847, 848, 849, 850, 851, 852, 853, 854, 855, 856, 857, 858, 859, 860, 862, 863, 864, 865, 866, 867, 868, 869, 870, 871, 872, 873, 874, 875], "excluded_lines": [], "functions": {"_percentile_available": {"executed_lines": [25, 26, 27, 28, 29, 30, 31, 34], "summary": {"covered_lines": 8, "num_statements": 9, "percent_covered": 88.88888888888889, "percent_covered_display": "89", "missing_lines": 1, "excluded_lines": 0, "percent_statements_covered": 88.88888888888889, "percent_statements_covered_display": "89"}, "missing_lines": [33], "excluded_lines": [], "start_line": 24}, "_row_weighted_score": {"executed_lines": [38, 39, 40, 41, 42, 43, 44, 45], "summary": {"covered_lines": 8, "num_statements": 8, "percent_covered": 100.0, "percent_covered_display": "100", "missing_lines": 0, "excluded_lines": 0, "percent_statements_covered": 100.0, "percent_statements_covered_display": "100"}, "missing_lines": [], "excluded_lines": [], "start_line": 37}, "build_operator_demand_fusion": {"executed_lines": [54, 62, 69, 78, 81, 82, 88, 92, 97, 102, 108, 112, 113, 114, 115, 116, 117, 120, 121, 122, 128, 131, 132, 133, 137, 138, 139, 140, 143, 146, 149, 152, 156, 157, 158, 159, 164, 177, 180, 183], "summary": {"covered_lines": 40, "num_statements": 40, "percent_covered": 100.0, "percent_covered_display": "100", "missing_lines": 0, "excluded_lines": 0, "percent_statements_covered": 100.0, "percent_statements_covered_display": "100"}, "missing_lines": [], "excluded_lines": [], "start_line": 48}, "build_category_price_architecture": {"executed_lines": [192, 193, 194, 200, 203, 204, 211, 216, 221, 222, 225, 231, 236, 237, 238, 239, 248, 263, 264], "summary": {"covered_lines": 19, "num_statements": 19, "percent_covered": 100.0, "percent_covered_display": "100", "missing_lines": 0, "excluded_lines": 0, "percent_statements_covered": 100.0, "percent_statements_covered_display": "100"}, "missing_lines": [], "excluded_lines": [], "start_line": 186}, "build_operator_category_portfolio": {"executed_lines": [], "summary": {"covered_lines": 0, "num_statements": 7, "percent_covered": 0.0, "percent_covered_display": "0", "missing_lines": 7, "excluded_lines": 0, "percent_statements_covered": 0.0, "percent_statements_covered_display": "0"}, "missing_lines": [270, 275, 279, 280, 281, 282, 291], "excluded_lines": [], "start_line": 267}, "_weekly_demand_variability": {"executed_lines": [], "summary": {"covered_lines": 0, "num_statements": 8, "percent_covered": 0.0, "percent_covered_display": "0", "missing_lines": 8, "excluded_lines": 0, "percent_statements_covered": 0.0, "percent_statements_covered_display": "0"}, "missing_lines": [297, 298, 299, 300, 301, 305, 308, 313], "excluded_lines": [], "start_line": 296}, "build_erp_sku_diagnostics": {"executed_lines": [], "summary": {"covered_lines": 0, "num_statements": 24, "percent_covered": 0.0, "percent_covered_display": "0", "missing_lines": 24, "excluded_lines": 0, "percent_statements_covered": 0.0, "percent_statements_covered_display": "0"}, "missing_lines": [322, 323, 324, 331, 334, 335, 337, 338, 341, 345, 346, 349, 350, 351, 352, 353, 358, 359, 360, 361, 362, 365, 382, 383], "excluded_lines": [], "start_line": 316}, "build_erp_replenishment_plan": {"executed_lines": [393, 394, 395, 396, 397, 402, 403, 409, 410, 411, 412, 415, 416, 417, 418, 421, 425, 430, 433, 434, 442, 445, 446], "summary": {"covered_lines": 23, "num_statements": 23, "percent_covered": 100.0, "percent_covered_display": "100", "missing_lines": 0, "excluded_lines": 0, "percent_statements_covered": 100.0, "percent_statements_covered_display": "100"}, "missing_lines": [], "excluded_lines": [], "start_line": 386}, "build_after_sales_pareto": {"executed_lines": [452, 454, 455, 458, 465, 466, 467, 468, 469, 470, 471, 472, 473, 474], "summary": {"covered_lines": 14, "num_statements": 15, "percent_covered": 93.33333333333333, "percent_covered_display": "93", "missing_lines": 1, "excluded_lines": 0, "percent_statements_covered": 93.33333333333333, "percent_statements_covered_display": "93"}, "missing_lines": [453], "excluded_lines": [], "start_line": 451}, "build_channel_profitability": {"executed_lines": [], "summary": {"covered_lines": 0, "num_statements": 17, "percent_covered": 0.0, "percent_covered_display": "0", "missing_lines": 17, "excluded_lines": 0, "percent_statements_covered": 0.0, "percent_statements_covered_display": "0"}, "missing_lines": [482, 483, 491, 494, 499, 500, 502, 503, 507, 508, 511, 512, 513, 516, 519, 522, 523], "excluded_lines": [], "start_line": 477}, "build_erp_category_diagnostics": {"executed_lines": [], "summary": {"covered_lines": 0, "num_statements": 7, "percent_covered": 0.0, "percent_covered_display": "0", "missing_lines": 7, "excluded_lines": 0, "percent_statements_covered": 0.0, "percent_statements_covered_display": "0"}, "missing_lines": [527, 540, 543, 544, 547, 556, 557], "excluded_lines": [], "start_line": 526}, "build_erp_daily_kpis": {"executed_lines": [], "summary": {"covered_lines": 0, "num_statements": 25, "percent_covered": 0.0, "percent_covered_display": "0", "missing_lines": 25, "excluded_lines": 0, "percent_statements_covered": 0.0, "percent_statements_covered_display": "0"}, "missing_lines": [566, 567, 568, 574, 575, 576, 580, 581, 582, 588, 589, 591, 592, 593, 597, 598, 599, 600, 601, 602, 603, 604, 605, 606, 607], "excluded_lines": [], "start_line": 560}, "build_evidence_inventory": {"executed_lines": [], "summary": {"covered_lines": 0, "num_statements": 4, "percent_covered": 0.0, "percent_covered_display": "0", "missing_lines": 4, "excluded_lines": 0, "percent_statements_covered": 0.0, "percent_statements_covered_display": "0"}, "missing_lines": [626, 627, 628, 645], "excluded_lines": [], "start_line": 610}, "export_operational_outputs": {"executed_lines": [], "summary": {"covered_lines": 0, "num_statements": 7, "percent_covered": 0.0, "percent_covered_display": "0", "missing_lines": 7, "excluded_lines": 0, "percent_statements_covered": 0.0, "percent_statements_covered_display": "0"}, "missing_lines": [657, 658, 659, 660, 661, 662, 663], "excluded_lines": [], "start_line": 651}, "write_operational_report": {"executed_lines": [], "summary": {"covered_lines": 0, "num_statements": 15, "percent_covered": 0.0, "percent_covered_display": "0", "missing_lines": 15, "excluded_lines": 0, "percent_statements_covered": 0.0, "percent_statements_covered_display": "0"}, "missing_lines": [667, 668, 669, 670, 671, 672, 673, 674, 675, 676, 690, 703, 715, 783, 784], "excluded_lines": [], "start_line": 666}, "write_operational_workbook": {"executed_lines": [], "summary": {"covered_lines": 0, "num_statements": 8, "percent_covered": 0.0, "percent_covered_display": "0", "missing_lines": 8, "excluded_lines": 0, "percent_statements_covered": 0.0, "percent_statements_covered_display": "0"}, "missing_lines": [788, 789, 802, 803, 804, 805, 806, 807], "excluded_lines": [], "start_line": 787}, "write_operational_figures": {"executed_lines": [], "summary": {"covered_lines": 0, "num_statements": 52, "percent_covered": 0.0, "percent_covered_display": "0", "missing_lines": 52, "excluded_lines": 0, "percent_statements_covered": 0.0, "percent_statements_covered_display": "0"}, "missing_lines": [811, 812, 813, 814, 815, 816, 817, 818, 819, 821, 822, 823, 824, 831, 832, 835, 836, 837, 838, 839, 840, 841, 843, 844, 847, 848, 849, 850, 851, 852, 853, 854, 855, 856, 857, 858, 859, 860, 862, 863, 864, 865, 866, 867, 868, 869, 870, 871, 872, 873, 874, 875], "excluded_lines": [], "start_line": 810}, "": {"executed_lines": [1, 3, 4, 6, 7, 8, 11, 12, 15, 24, 37, 48, 186, 267, 296, 316, 386, 451, 477, 526, 560, 610, 651, 666, 787, 810], "summary": {"covered_lines": 26, "num_statements": 26, "percent_covered": 100.0, "percent_covered_display": "100", "missing_lines": 0, "excluded_lines": 0, "percent_statements_covered": 100.0, "percent_statements_covered_display": "100"}, "missing_lines": [], "excluded_lines": [], "start_line": 1}}, "classes": {"": {"executed_lines": [1, 3, 4, 6, 7, 8, 11, 12, 15, 24, 25, 26, 27, 28, 29, 30, 31, 34, 37, 38, 39, 40, 41, 42, 43, 44, 45, 48, 54, 62, 69, 78, 81, 82, 88, 92, 97, 102, 108, 112, 113, 114, 115, 116, 117, 120, 121, 122, 128, 131, 132, 133, 137, 138, 139, 140, 143, 146, 149, 152, 156, 157, 158, 159, 164, 177, 180, 183, 186, 192, 193, 194, 200, 203, 204, 211, 216, 221, 222, 225, 231, 236, 237, 238, 239, 248, 263, 264, 267, 296, 316, 386, 393, 394, 395, 396, 397, 402, 403, 409, 410, 411, 412, 415, 416, 417, 418, 421, 425, 430, 433, 434, 442, 445, 446, 451, 452, 454, 455, 458, 465, 466, 467, 468, 469, 470, 471, 472, 473, 474, 477, 526, 560, 610, 651, 666, 787, 810], "summary": {"covered_lines": 138, "num_statements": 314, "percent_covered": 43.94904458598726, "percent_covered_display": "44", "missing_lines": 176, "excluded_lines": 0, "percent_statements_covered": 43.94904458598726, "percent_statements_covered_display": "44"}, "missing_lines": [33, 270, 275, 279, 280, 281, 282, 291, 297, 298, 299, 300, 301, 305, 308, 313, 322, 323, 324, 331, 334, 335, 337, 338, 341, 345, 346, 349, 350, 351, 352, 353, 358, 359, 360, 361, 362, 365, 382, 383, 453, 482, 483, 491, 494, 499, 500, 502, 503, 507, 508, 511, 512, 513, 516, 519, 522, 523, 527, 540, 543, 544, 547, 556, 557, 566, 567, 568, 574, 575, 576, 580, 581, 582, 588, 589, 591, 592, 593, 597, 598, 599, 600, 601, 602, 603, 604, 605, 606, 607, 626, 627, 628, 645, 657, 658, 659, 660, 661, 662, 663, 667, 668, 669, 670, 671, 672, 673, 674, 675, 676, 690, 703, 715, 783, 784, 788, 789, 802, 803, 804, 805, 806, 807, 811, 812, 813, 814, 815, 816, 817, 818, 819, 821, 822, 823, 824, 831, 832, 835, 836, 837, 838, 839, 840, 841, 843, 844, 847, 848, 849, 850, 851, 852, 853, 854, 855, 856, 857, 858, 859, 860, 862, 863, 864, 865, 866, 867, 868, 869, 870, 871, 872, 873, 874, 875], "excluded_lines": [], "start_line": 1}}}, "src\\arknights_merch_analytics\\pilot.py": {"executed_lines": [1, 3, 4, 6, 7, 10, 24, 121, 132, 163, 174, 185, 271, 272, 273, 274, 275, 276, 277, 280, 281, 282, 283, 284, 285, 288, 299, 300, 301, 302, 303, 306, 307, 308, 309, 310, 314, 315, 316, 317, 318, 319, 320, 323, 329, 330, 331, 332, 336, 337, 338, 339, 342, 343, 344, 347, 348, 349, 351, 352, 353, 354, 356, 357, 359, 360, 361, 362, 363, 364, 365, 366, 368, 369, 370, 374, 375, 376, 377, 379, 380, 384, 385, 386, 387, 388, 392, 393, 399, 401, 404, 405, 406, 407, 410, 417, 418, 419, 425, 430, 431, 434, 440, 445, 446, 449, 450, 451, 452, 453, 458, 459, 460, 461, 464, 466, 467, 468, 479, 480, 482, 488, 489, 490, 491, 494, 495, 496, 499, 505, 507, 508, 511, 512, 515, 528, 529, 532, 535, 539, 540, 546, 547, 548, 549, 550, 551, 552, 553, 555, 573, 578, 581, 588, 592, 593, 594, 599, 610, 621, 622, 623, 654, 657, 661, 662, 663, 664, 665, 666, 667, 668, 671, 672, 673, 674, 675, 683, 691, 695, 702, 703, 708, 712, 717, 718, 719, 720, 721, 722, 723, 726, 731, 732, 733, 788, 791, 799, 800, 801, 802, 803, 804, 805, 806, 807, 808, 809, 810, 828, 831], "summary": {"covered_lines": 211, "num_statements": 252, "percent_covered": 83.73015873015873, "percent_covered_display": "84", "missing_lines": 41, "excluded_lines": 0, "percent_statements_covered": 83.73015873015873, "percent_statements_covered_display": "84"}, "missing_lines": [289, 290, 291, 292, 293, 294, 295, 296, 304, 305, 333, 340, 341, 345, 346, 350, 378, 391, 400, 465, 469, 470, 471, 472, 477, 478, 481, 506, 837, 838, 839, 840, 847, 848, 860, 861, 862, 876, 877, 889, 922], "excluded_lines": [], "functions": {"_empty_table": {"executed_lines": [272, 273, 274, 275, 276, 277], "summary": {"covered_lines": 6, "num_statements": 6, "percent_covered": 100.0, "percent_covered_display": "100", "missing_lines": 0, "excluded_lines": 0, "percent_statements_covered": 100.0, "percent_statements_covered_display": "100"}, "missing_lines": [], "excluded_lines": [], "start_line": 271}, "create_pilot_templates": {"executed_lines": [281, 282, 283, 284, 285], "summary": {"covered_lines": 5, "num_statements": 5, "percent_covered": 100.0, "percent_covered_display": "100", "missing_lines": 0, "excluded_lines": 0, "percent_statements_covered": 100.0, "percent_statements_covered_display": "100"}, "missing_lines": [], "excluded_lines": [], "start_line": 280}, "_parse_boolean": {"executed_lines": [], "summary": {"covered_lines": 0, "num_statements": 8, "percent_covered": 0.0, "percent_covered_display": "0", "missing_lines": 8, "excluded_lines": 0, "percent_statements_covered": 0.0, "percent_statements_covered_display": "0"}, "missing_lines": [289, 290, 291, 292, 293, 294, 295, 296], "excluded_lines": [], "start_line": 288}, "load_pilot_tables": {"executed_lines": [300, 301, 302, 303, 306, 307, 308, 309, 310, 314, 315, 316, 317, 318, 319, 320], "summary": {"covered_lines": 16, "num_statements": 18, "percent_covered": 88.88888888888889, "percent_covered_display": "89", "missing_lines": 2, "excluded_lines": 0, "percent_statements_covered": 88.88888888888889, "percent_statements_covered_display": "89"}, "missing_lines": [304, 305], "excluded_lines": [], "start_line": 299}, "_require_nonblank": {"executed_lines": [329, 330, 331, 332], "summary": {"covered_lines": 4, "num_statements": 5, "percent_covered": 80.0, "percent_covered_display": "80", "missing_lines": 1, "excluded_lines": 0, "percent_statements_covered": 80.0, "percent_statements_covered_display": "80"}, "missing_lines": [333], "excluded_lines": [], "start_line": 323}, "validate_pilot_tables": {"executed_lines": [337, 338, 339, 342, 343, 344, 347, 348, 349, 351, 352, 353, 354, 356, 357, 359, 360, 361, 362, 363, 364, 365, 366, 368, 369, 370, 374, 375, 376, 377, 379, 380, 384, 385, 386, 387, 388, 392, 393, 399, 401, 404, 405, 406, 407, 410, 417, 418, 419, 425, 430, 431, 434, 440, 445, 446, 449, 450, 451, 452, 453, 458, 459, 460, 461, 464, 466, 467, 468, 479, 480, 482, 488, 489, 490, 491], "summary": {"covered_lines": 76, "num_statements": 92, "percent_covered": 82.6086956521739, "percent_covered_display": "83", "missing_lines": 16, "excluded_lines": 0, "percent_statements_covered": 82.6086956521739, "percent_statements_covered_display": "83"}, "missing_lines": [340, 341, 345, 346, 350, 378, 391, 400, 465, 469, 470, 471, 472, 477, 478, 481], "excluded_lines": [], "start_line": 336}, "_percentile_score": {"executed_lines": [495, 496], "summary": {"covered_lines": 2, "num_statements": 2, "percent_covered": 100.0, "percent_covered_display": "100", "missing_lines": 0, "excluded_lines": 0, "percent_statements_covered": 100.0, "percent_statements_covered_display": "100"}, "missing_lines": [], "excluded_lines": [], "start_line": 494}, "build_pilot_candidate_shortlist": {"executed_lines": [505, 507, 508, 511, 512, 515, 528, 529, 532, 535, 539, 540, 546, 547, 548, 549, 550, 551, 552, 553, 555, 573, 578, 581, 588, 592, 593, 594, 599, 610, 621, 622, 623, 654], "summary": {"covered_lines": 34, "num_statements": 35, "percent_covered": 97.14285714285714, "percent_covered_display": "97", "missing_lines": 1, "excluded_lines": 0, "percent_statements_covered": 97.14285714285714, "percent_statements_covered_display": "97"}, "missing_lines": [506], "excluded_lines": [], "start_line": 499}, "summarize_pilot_readiness": {"executed_lines": [661, 662, 663, 664, 665, 666, 667, 668, 671, 672, 673, 674, 675, 683, 691, 695, 702, 703, 708, 712, 717, 718, 719, 720, 721, 722, 723, 726, 731, 732, 733, 788], "summary": {"covered_lines": 32, "num_statements": 32, "percent_covered": 100.0, "percent_covered_display": "100", "missing_lines": 0, "excluded_lines": 0, "percent_statements_covered": 100.0, "percent_statements_covered_display": "100"}, "missing_lines": [], "excluded_lines": [], "start_line": 657}, "export_pilot_workspace": {"executed_lines": [799, 800, 801, 802, 803, 804, 805, 806, 807, 808, 809, 810, 828], "summary": {"covered_lines": 13, "num_statements": 13, "percent_covered": 100.0, "percent_covered_display": "100", "missing_lines": 0, "excluded_lines": 0, "percent_statements_covered": 100.0, "percent_statements_covered_display": "100"}, "missing_lines": [], "excluded_lines": [], "start_line": 791}, "write_pilot_report": {"executed_lines": [], "summary": {"covered_lines": 0, "num_statements": 13, "percent_covered": 0.0, "percent_covered_display": "0", "missing_lines": 13, "excluded_lines": 0, "percent_statements_covered": 0.0, "percent_statements_covered_display": "0"}, "missing_lines": [837, 838, 839, 840, 847, 848, 860, 861, 862, 876, 877, 889, 922], "excluded_lines": [], "start_line": 831}, "": {"executed_lines": [1, 3, 4, 6, 7, 10, 24, 121, 132, 163, 174, 185, 271, 280, 288, 299, 323, 336, 494, 499, 657, 791, 831], "summary": {"covered_lines": 23, "num_statements": 23, "percent_covered": 100.0, "percent_covered_display": "100", "missing_lines": 0, "excluded_lines": 0, "percent_statements_covered": 100.0, "percent_statements_covered_display": "100"}, "missing_lines": [], "excluded_lines": [], "start_line": 1}}, "classes": {"": {"executed_lines": [1, 3, 4, 6, 7, 10, 24, 121, 132, 163, 174, 185, 271, 272, 273, 274, 275, 276, 277, 280, 281, 282, 283, 284, 285, 288, 299, 300, 301, 302, 303, 306, 307, 308, 309, 310, 314, 315, 316, 317, 318, 319, 320, 323, 329, 330, 331, 332, 336, 337, 338, 339, 342, 343, 344, 347, 348, 349, 351, 352, 353, 354, 356, 357, 359, 360, 361, 362, 363, 364, 365, 366, 368, 369, 370, 374, 375, 376, 377, 379, 380, 384, 385, 386, 387, 388, 392, 393, 399, 401, 404, 405, 406, 407, 410, 417, 418, 419, 425, 430, 431, 434, 440, 445, 446, 449, 450, 451, 452, 453, 458, 459, 460, 461, 464, 466, 467, 468, 479, 480, 482, 488, 489, 490, 491, 494, 495, 496, 499, 505, 507, 508, 511, 512, 515, 528, 529, 532, 535, 539, 540, 546, 547, 548, 549, 550, 551, 552, 553, 555, 573, 578, 581, 588, 592, 593, 594, 599, 610, 621, 622, 623, 654, 657, 661, 662, 663, 664, 665, 666, 667, 668, 671, 672, 673, 674, 675, 683, 691, 695, 702, 703, 708, 712, 717, 718, 719, 720, 721, 722, 723, 726, 731, 732, 733, 788, 791, 799, 800, 801, 802, 803, 804, 805, 806, 807, 808, 809, 810, 828, 831], "summary": {"covered_lines": 211, "num_statements": 252, "percent_covered": 83.73015873015873, "percent_covered_display": "84", "missing_lines": 41, "excluded_lines": 0, "percent_statements_covered": 83.73015873015873, "percent_statements_covered_display": "84"}, "missing_lines": [289, 290, 291, 292, 293, 294, 295, 296, 304, 305, 333, 340, 341, 345, 346, 350, 378, 391, 400, 465, 469, 470, 471, 472, 477, 478, 481, 506, 837, 838, 839, 840, 847, 848, 860, 861, 862, 876, 877, 889, 922], "excluded_lines": [], "start_line": 1}}}, "src\\arknights_merch_analytics\\pilot_portal.py": {"executed_lines": [1, 3, 4, 5, 6, 7, 8, 9, 10, 11, 12, 13, 15, 17, 25, 49, 50, 53, 54, 55, 56, 57, 60, 61, 62, 63, 137, 138, 141, 142, 143, 144, 153, 159, 161, 163, 164, 165, 166, 173, 174, 175, 190, 193, 194, 195, 198, 200, 203, 204, 205, 208, 210, 213, 218, 219, 220, 221, 222, 223, 224, 226, 227, 229, 230, 231, 232, 233, 234, 235, 236, 238, 239, 240, 241, 242, 244, 246, 248, 249, 250, 251, 263, 264, 265, 285, 294, 295, 296, 299, 300, 301, 303, 304, 306, 307, 308, 309, 311, 312, 313, 314, 330, 331, 332, 344, 347, 348, 349, 350, 351, 363, 376, 383, 384, 385, 399, 405, 418, 419, 420, 421, 422, 425, 426, 427, 428, 429, 438, 445, 454, 456, 457, 458, 459, 460, 462, 463, 464, 478, 480, 481, 482, 483, 484, 485, 486, 501, 503, 504, 505, 506, 518, 520, 525, 526, 527, 530, 531, 532, 535, 542, 543, 544, 546, 547, 549, 550, 551, 552, 553, 554, 555, 557, 563, 564, 565, 566, 567, 568, 569, 573, 574, 576, 577, 578, 581, 582, 583, 584, 585, 586, 588, 589, 590, 593, 595, 596, 599, 601, 603, 604, 605, 606, 607, 608, 609, 612, 613, 614, 615, 616, 617, 618, 619, 620, 621, 622, 634, 635, 638, 640, 642, 643, 644, 645, 646, 647, 648, 649, 655, 656, 657, 660, 665, 666, 669, 670, 673, 674, 677, 678, 679, 682, 683, 688, 694, 696, 697, 699, 700, 701], "summary": {"covered_lines": 252, "num_statements": 289, "percent_covered": 87.19723183391004, "percent_covered_display": "87", "missing_lines": 37, "excluded_lines": 0, "percent_statements_covered": 87.19723183391004, "percent_statements_covered_display": "87"}, "missing_lines": [160, 162, 196, 197, 199, 206, 207, 209, 225, 228, 237, 243, 245, 247, 302, 305, 310, 342, 343, 461, 579, 580, 591, 592, 594, 597, 598, 600, 610, 611, 636, 637, 667, 668, 675, 676, 681], "excluded_lines": [], "functions": {"_now_iso": {"executed_lines": [50], "summary": {"covered_lines": 1, "num_statements": 1, "percent_covered": 100.0, "percent_covered_display": "100", "missing_lines": 0, "excluded_lines": 0, "percent_statements_covered": 100.0, "percent_statements_covered_display": "100"}, "missing_lines": [], "excluded_lines": [], "start_line": 49}, "_connect": {"executed_lines": [54, 55, 56, 57], "summary": {"covered_lines": 4, "num_statements": 4, "percent_covered": 100.0, "percent_covered_display": "100", "missing_lines": 0, "excluded_lines": 0, "percent_statements_covered": 100.0, "percent_statements_covered_display": "100"}, "missing_lines": [], "excluded_lines": [], "start_line": 53}, "init_portal_database": {"executed_lines": [61, 62, 63], "summary": {"covered_lines": 3, "num_statements": 3, "percent_covered": 100.0, "percent_covered_display": "100", "missing_lines": 0, "excluded_lines": 0, "percent_statements_covered": 100.0, "percent_statements_covered_display": "100"}, "missing_lines": [], "excluded_lines": [], "start_line": 60}, "hash_session_token": {"executed_lines": [138], "summary": {"covered_lines": 1, "num_statements": 1, "percent_covered": 100.0, "percent_covered_display": "100", "missing_lines": 0, "excluded_lines": 0, "percent_statements_covered": 100.0, "percent_statements_covered_display": "100"}, "missing_lines": [], "excluded_lines": [], "start_line": 137}, "register_session": {"executed_lines": [142, 143, 144], "summary": {"covered_lines": 3, "num_statements": 3, "percent_covered": 100.0, "percent_covered_display": "100", "missing_lines": 0, "excluded_lines": 0, "percent_statements_covered": 100.0, "percent_statements_covered_display": "100"}, "missing_lines": [], "excluded_lines": [], "start_line": 141}, "record_campaign_event": {"executed_lines": [159, 161, 163, 164, 165, 166, 173, 174, 175, 190], "summary": {"covered_lines": 10, "num_statements": 12, "percent_covered": 83.33333333333333, "percent_covered_display": "83", "missing_lines": 2, "excluded_lines": 0, "percent_statements_covered": 83.33333333333333, "percent_statements_covered_display": "83"}, "missing_lines": [160, 162], "excluded_lines": [], "start_line": 153}, "_as_int": {"executed_lines": [194, 195, 198, 200], "summary": {"covered_lines": 4, "num_statements": 7, "percent_covered": 57.142857142857146, "percent_covered_display": "57", "missing_lines": 3, "excluded_lines": 0, "percent_statements_covered": 57.142857142857146, "percent_statements_covered_display": "57"}, "missing_lines": [196, 197, 199], "excluded_lines": [], "start_line": 193}, "_as_float": {"executed_lines": [204, 205, 208, 210], "summary": {"covered_lines": 4, "num_statements": 7, "percent_covered": 57.142857142857146, "percent_covered_display": "57", "missing_lines": 3, "excluded_lines": 0, "percent_statements_covered": 57.142857142857146, "percent_statements_covered_display": "57"}, "missing_lines": [206, 207, 209], "excluded_lines": [], "start_line": 203}, "submit_intent_response": {"executed_lines": [218, 219, 220, 221, 222, 223, 224, 226, 227, 229, 230, 231, 232, 233, 234, 235, 236, 238, 239, 240, 241, 242, 244, 246, 248, 249, 250, 251, 263, 264, 265, 285, 294, 295, 296], "summary": {"covered_lines": 35, "num_statements": 41, "percent_covered": 85.36585365853658, "percent_covered_display": "85", "missing_lines": 6, "excluded_lines": 0, "percent_statements_covered": 85.36585365853658, "percent_statements_covered_display": "85"}, "missing_lines": [225, 228, 237, 243, 245, 247], "excluded_lines": [], "start_line": 213}, "add_supplier_quote": {"executed_lines": [300, 301, 303, 304, 306, 307, 308, 309, 311, 312, 313, 314, 330, 331, 332, 344], "summary": {"covered_lines": 16, "num_statements": 21, "percent_covered": 76.19047619047619, "percent_covered_display": "76", "missing_lines": 5, "excluded_lines": 0, "percent_statements_covered": 76.19047619047619, "percent_statements_covered_display": "76"}, "missing_lines": [302, 305, 310, 342, 343], "excluded_lines": [], "start_line": 299}, "portal_summary": {"executed_lines": [348, 349, 350, 351, 363, 376, 383, 384, 385, 399, 405], "summary": {"covered_lines": 11, "num_statements": 11, "percent_covered": 100.0, "percent_covered_display": "100", "missing_lines": 0, "excluded_lines": 0, "percent_statements_covered": 100.0, "percent_statements_covered_display": "100"}, "missing_lines": [], "excluded_lines": [], "start_line": 347}, "_merge_table": {"executed_lines": [419, 420, 421, 422], "summary": {"covered_lines": 4, "num_statements": 4, "percent_covered": 100.0, "percent_covered_display": "100", "missing_lines": 0, "excluded_lines": 0, "percent_statements_covered": 100.0, "percent_statements_covered_display": "100"}, "missing_lines": [], "excluded_lines": [], "start_line": 418}, "export_portal_capture": {"executed_lines": [426, 427, 428, 429, 438, 445, 454, 456, 457, 458, 459, 460, 462, 463, 464, 478, 480, 481, 482, 483, 484, 485, 486, 501, 503, 504, 505, 506, 518, 520, 525, 526, 527, 530, 531, 532, 535], "summary": {"covered_lines": 37, "num_statements": 38, "percent_covered": 97.36842105263158, "percent_covered_display": "97", "missing_lines": 1, "excluded_lines": 0, "percent_statements_covered": 97.36842105263158, "percent_statements_covered_display": "97"}, "missing_lines": [461], "excluded_lines": [], "start_line": 425}, "PilotPortalHandler._is_local": {"executed_lines": [547], "summary": {"covered_lines": 1, "num_statements": 1, "percent_covered": 100.0, "percent_covered_display": "100", "missing_lines": 0, "excluded_lines": 0, "percent_statements_covered": 100.0, "percent_statements_covered_display": "100"}, "missing_lines": [], "excluded_lines": [], "start_line": 546}, "PilotPortalHandler._session": {"executed_lines": [550, 551, 552, 553, 554, 555], "summary": {"covered_lines": 6, "num_statements": 6, "percent_covered": 100.0, "percent_covered_display": "100", "missing_lines": 0, "excluded_lines": 0, "percent_statements_covered": 100.0, "percent_statements_covered_display": "100"}, "missing_lines": [], "excluded_lines": [], "start_line": 549}, "PilotPortalHandler._send_json": {"executed_lines": [563, 564, 565, 566, 567, 568, 569, 573, 574], "summary": {"covered_lines": 9, "num_statements": 9, "percent_covered": 100.0, "percent_covered_display": "100", "missing_lines": 0, "excluded_lines": 0, "percent_statements_covered": 100.0, "percent_statements_covered_display": "100"}, "missing_lines": [], "excluded_lines": [], "start_line": 557}, "PilotPortalHandler._send_static": {"executed_lines": [577, 578, 581, 582, 583, 584, 585, 586], "summary": {"covered_lines": 8, "num_statements": 10, "percent_covered": 80.0, "percent_covered_display": "80", "missing_lines": 2, "excluded_lines": 0, "percent_statements_covered": 80.0, "percent_statements_covered_display": "80"}, "missing_lines": [579, 580], "excluded_lines": [], "start_line": 576}, "PilotPortalHandler._read_json": {"executed_lines": [589, 590, 593, 595, 596, 599, 601], "summary": {"covered_lines": 7, "num_statements": 13, "percent_covered": 53.84615384615385, "percent_covered_display": "54", "missing_lines": 6, "excluded_lines": 0, "percent_statements_covered": 53.84615384615385, "percent_statements_covered_display": "54"}, "missing_lines": [591, 592, 594, 597, 598, 600], "excluded_lines": [], "start_line": 588}, "PilotPortalHandler.do_GET": {"executed_lines": [604, 605, 606, 607, 608, 609, 612, 613, 614, 615, 616, 617, 618, 619, 620, 621, 622, 634, 635, 638, 640], "summary": {"covered_lines": 21, "num_statements": 25, "percent_covered": 84.0, "percent_covered_display": "84", "missing_lines": 4, "excluded_lines": 0, "percent_statements_covered": 84.0, "percent_statements_covered_display": "84"}, "missing_lines": [610, 611, 636, 637], "excluded_lines": [], "start_line": 603}, "PilotPortalHandler.do_POST": {"executed_lines": [643, 644, 645, 646, 647, 648, 649, 655, 656, 657, 660, 665, 666, 669, 670, 673, 674, 677, 678, 679, 682, 683], "summary": {"covered_lines": 22, "num_statements": 27, "percent_covered": 81.48148148148148, "percent_covered_display": "81", "missing_lines": 5, "excluded_lines": 0, "percent_statements_covered": 81.48148148148148, "percent_statements_covered_display": "81"}, "missing_lines": [667, 668, 675, 676, 681], "excluded_lines": [], "start_line": 642}, "create_server": {"executed_lines": [694, 696, 697, 699, 700, 701], "summary": {"covered_lines": 6, "num_statements": 6, "percent_covered": 100.0, "percent_covered_display": "100", "missing_lines": 0, "excluded_lines": 0, "percent_statements_covered": 100.0, "percent_statements_covered_display": "100"}, "missing_lines": [], "excluded_lines": [], "start_line": 688}, "": {"executed_lines": [1, 3, 4, 5, 6, 7, 8, 9, 10, 11, 12, 13, 15, 17, 25, 49, 53, 60, 137, 141, 153, 193, 203, 213, 299, 347, 418, 425, 542, 543, 544, 546, 549, 557, 576, 588, 603, 642, 688], "summary": {"covered_lines": 39, "num_statements": 39, "percent_covered": 100.0, "percent_covered_display": "100", "missing_lines": 0, "excluded_lines": 0, "percent_statements_covered": 100.0, "percent_statements_covered_display": "100"}, "missing_lines": [], "excluded_lines": [], "start_line": 1}}, "classes": {"PilotPortalHandler": {"executed_lines": [547, 550, 551, 552, 553, 554, 555, 563, 564, 565, 566, 567, 568, 569, 573, 574, 577, 578, 581, 582, 583, 584, 585, 586, 589, 590, 593, 595, 596, 599, 601, 604, 605, 606, 607, 608, 609, 612, 613, 614, 615, 616, 617, 618, 619, 620, 621, 622, 634, 635, 638, 640, 643, 644, 645, 646, 647, 648, 649, 655, 656, 657, 660, 665, 666, 669, 670, 673, 674, 677, 678, 679, 682, 683], "summary": {"covered_lines": 74, "num_statements": 91, "percent_covered": 81.31868131868131, "percent_covered_display": "81", "missing_lines": 17, "excluded_lines": 0, "percent_statements_covered": 81.31868131868131, "percent_statements_covered_display": "81"}, "missing_lines": [579, 580, 591, 592, 594, 597, 598, 600, 610, 611, 636, 637, 667, 668, 675, 676, 681], "excluded_lines": [], "start_line": 542}, "create_server.ConfiguredHandler": {"executed_lines": [], "summary": {"covered_lines": 0, "num_statements": 0, "percent_covered": 100.0, "percent_covered_display": "100", "missing_lines": 0, "excluded_lines": 0, "percent_statements_covered": 100.0, "percent_statements_covered_display": "100"}, "missing_lines": [], "excluded_lines": [], "start_line": 696}, "": {"executed_lines": [1, 3, 4, 5, 6, 7, 8, 9, 10, 11, 12, 13, 15, 17, 25, 49, 50, 53, 54, 55, 56, 57, 60, 61, 62, 63, 137, 138, 141, 142, 143, 144, 153, 159, 161, 163, 164, 165, 166, 173, 174, 175, 190, 193, 194, 195, 198, 200, 203, 204, 205, 208, 210, 213, 218, 219, 220, 221, 222, 223, 224, 226, 227, 229, 230, 231, 232, 233, 234, 235, 236, 238, 239, 240, 241, 242, 244, 246, 248, 249, 250, 251, 263, 264, 265, 285, 294, 295, 296, 299, 300, 301, 303, 304, 306, 307, 308, 309, 311, 312, 313, 314, 330, 331, 332, 344, 347, 348, 349, 350, 351, 363, 376, 383, 384, 385, 399, 405, 418, 419, 420, 421, 422, 425, 426, 427, 428, 429, 438, 445, 454, 456, 457, 458, 459, 460, 462, 463, 464, 478, 480, 481, 482, 483, 484, 485, 486, 501, 503, 504, 505, 506, 518, 520, 525, 526, 527, 530, 531, 532, 535, 542, 543, 544, 546, 549, 557, 576, 588, 603, 642, 688, 694, 696, 697, 699, 700, 701], "summary": {"covered_lines": 178, "num_statements": 198, "percent_covered": 89.8989898989899, "percent_covered_display": "90", "missing_lines": 20, "excluded_lines": 0, "percent_statements_covered": 89.8989898989899, "percent_statements_covered_display": "90"}, "missing_lines": [160, 162, 196, 197, 199, 206, 207, 209, 225, 228, 237, 243, 245, 247, 302, 305, 310, 342, 343, 461], "excluded_lines": [], "start_line": 1}}}, "src\\arknights_merch_analytics\\reporting.py": {"executed_lines": [1, 3, 5, 6, 9, 19, 79, 159, 165, 166, 178, 179, 182, 229, 234, 237, 263, 264, 265, 266, 268, 270, 271, 272, 273, 274, 275, 276, 277, 278, 280, 282, 284, 286, 288, 290, 292, 294, 296, 298, 300, 302, 304, 306, 307, 308, 319, 322, 329, 330, 335, 336, 348, 358, 365, 413], "summary": {"covered_lines": 56, "num_statements": 157, "percent_covered": 35.6687898089172, "percent_covered_display": "36", "missing_lines": 101, "excluded_lines": 0, "percent_statements_covered": 35.6687898089172, "percent_statements_covered_display": "36"}, "missing_lines": [10, 16, 25, 26, 27, 29, 30, 31, 32, 33, 34, 35, 36, 38, 42, 43, 44, 45, 46, 47, 48, 49, 50, 51, 53, 54, 55, 56, 57, 58, 59, 60, 61, 62, 63, 64, 66, 67, 68, 69, 70, 71, 72, 73, 74, 75, 76, 85, 86, 87, 89, 90, 91, 92, 93, 101, 102, 103, 104, 108, 109, 115, 116, 117, 118, 119, 120, 121, 122, 124, 129, 130, 131, 136, 137, 144, 145, 151, 152, 153, 154, 155, 156, 230, 233, 267, 269, 279, 281, 283, 285, 287, 289, 291, 293, 295, 297, 299, 301, 303, 305], "excluded_lines": [], "functions": {"_configure_fonts": {"executed_lines": [], "summary": {"covered_lines": 0, "num_statements": 2, "percent_covered": 0.0, "percent_covered_display": "0", "missing_lines": 2, "excluded_lines": 0, "percent_statements_covered": 0.0, "percent_statements_covered_display": "0"}, "missing_lines": [10, 16], "excluded_lines": [], "start_line": 9}, "save_figures": {"executed_lines": [], "summary": {"covered_lines": 0, "num_statements": 45, "percent_covered": 0.0, "percent_covered_display": "0", "missing_lines": 45, "excluded_lines": 0, "percent_statements_covered": 0.0, "percent_statements_covered_display": "0"}, "missing_lines": [25, 26, 27, 29, 30, 31, 32, 33, 34, 35, 36, 38, 42, 43, 44, 45, 46, 47, 48, 49, 50, 51, 53, 54, 55, 56, 57, 58, 59, 60, 61, 62, 63, 64, 66, 67, 68, 69, 70, 71, 72, 73, 74, 75, 76], "excluded_lines": [], "start_line": 19}, "save_commerce_figures": {"executed_lines": [], "summary": {"covered_lines": 0, "num_statements": 36, "percent_covered": 0.0, "percent_covered_display": "0", "missing_lines": 36, "excluded_lines": 0, "percent_statements_covered": 0.0, "percent_statements_covered_display": "0"}, "missing_lines": [85, 86, 87, 89, 90, 91, 92, 93, 101, 102, 103, 104, 108, 109, 115, 116, 117, 118, 119, 120, 121, 122, 124, 129, 130, 131, 136, 137, 144, 145, 151, 152, 153, 154, 155, 156], "excluded_lines": [], "start_line": 79}, "write_report": {"executed_lines": [165, 166, 178, 179, 182, 229, 234], "summary": {"covered_lines": 7, "num_statements": 9, "percent_covered": 77.77777777777777, "percent_covered_display": "78", "missing_lines": 2, "excluded_lines": 0, "percent_statements_covered": 77.77777777777777, "percent_statements_covered_display": "78"}, "missing_lines": [230, 233], "excluded_lines": [], "start_line": 159}, "write_workbook": {"executed_lines": [263, 264, 265, 266, 268, 270, 271, 272, 273, 274, 275, 276, 277, 278, 280, 282, 284, 286, 288, 290, 292, 294, 296, 298, 300, 302, 304, 306, 307, 308, 319], "summary": {"covered_lines": 31, "num_statements": 47, "percent_covered": 65.95744680851064, "percent_covered_display": "66", "missing_lines": 16, "excluded_lines": 0, "percent_statements_covered": 65.95744680851064, "percent_statements_covered_display": "66"}, "missing_lines": [267, 269, 279, 281, 283, 285, 287, 289, 291, 293, 295, 297, 299, 301, 303, 305], "excluded_lines": [], "start_line": 237}, "write_commerce_report": {"executed_lines": [329, 330, 335, 336, 348, 358, 365, 413], "summary": {"covered_lines": 8, "num_statements": 8, "percent_covered": 100.0, "percent_covered_display": "100", "missing_lines": 0, "excluded_lines": 0, "percent_statements_covered": 100.0, "percent_statements_covered_display": "100"}, "missing_lines": [], "excluded_lines": [], "start_line": 322}, "": {"executed_lines": [1, 3, 5, 6, 9, 19, 79, 159, 237, 322], "summary": {"covered_lines": 10, "num_statements": 10, "percent_covered": 100.0, "percent_covered_display": "100", "missing_lines": 0, "excluded_lines": 0, "percent_statements_covered": 100.0, "percent_statements_covered_display": "100"}, "missing_lines": [], "excluded_lines": [], "start_line": 1}}, "classes": {"": {"executed_lines": [1, 3, 5, 6, 9, 19, 79, 159, 165, 166, 178, 179, 182, 229, 234, 237, 263, 264, 265, 266, 268, 270, 271, 272, 273, 274, 275, 276, 277, 278, 280, 282, 284, 286, 288, 290, 292, 294, 296, 298, 300, 302, 304, 306, 307, 308, 319, 322, 329, 330, 335, 336, 348, 358, 365, 413], "summary": {"covered_lines": 56, "num_statements": 157, "percent_covered": 35.6687898089172, "percent_covered_display": "36", "missing_lines": 101, "excluded_lines": 0, "percent_statements_covered": 35.6687898089172, "percent_statements_covered_display": "36"}, "missing_lines": [10, 16, 25, 26, 27, 29, 30, 31, 32, 33, 34, 35, 36, 38, 42, 43, 44, 45, 46, 47, 48, 49, 50, 51, 53, 54, 55, 56, 57, 58, 59, 60, 61, 62, 63, 64, 66, 67, 68, 69, 70, 71, 72, 73, 74, 75, 76, 85, 86, 87, 89, 90, 91, 92, 93, 101, 102, 103, 104, 108, 109, 115, 116, 117, 118, 119, 120, 121, 122, 124, 129, 130, 131, 136, 137, 144, 145, 151, 152, 153, 154, 155, 156, 230, 233, 267, 269, 279, 281, 283, 285, 287, 289, 291, 293, 295, 297, 299, 301, 303, 305], "excluded_lines": [], "start_line": 1}}}, "src\\arknights_merch_analytics\\simulation.py": {"executed_lines": [1, 3, 4, 7, 12, 13, 14, 15, 16, 17, 18, 19, 20, 21, 22, 23, 24, 25, 26, 27, 28, 29, 30, 31, 50], "summary": {"covered_lines": 25, "num_statements": 25, "percent_covered": 100.0, "percent_covered_display": "100", "missing_lines": 0, "excluded_lines": 0, "percent_statements_covered": 100.0, "percent_statements_covered_display": "100"}, "missing_lines": [], "excluded_lines": [], "functions": {"simulate_erp": {"executed_lines": [12, 13, 14, 15, 16, 17, 18, 19, 20, 21, 22, 23, 24, 25, 26, 27, 28, 29, 30, 31, 50], "summary": {"covered_lines": 21, "num_statements": 21, "percent_covered": 100.0, "percent_covered_display": "100", "missing_lines": 0, "excluded_lines": 0, "percent_statements_covered": 100.0, "percent_statements_covered_display": "100"}, "missing_lines": [], "excluded_lines": [], "start_line": 7}, "": {"executed_lines": [1, 3, 4, 7], "summary": {"covered_lines": 4, "num_statements": 4, "percent_covered": 100.0, "percent_covered_display": "100", "missing_lines": 0, "excluded_lines": 0, "percent_statements_covered": 100.0, "percent_statements_covered_display": "100"}, "missing_lines": [], "excluded_lines": [], "start_line": 1}}, "classes": {"": {"executed_lines": [1, 3, 4, 7, 12, 13, 14, 15, 16, 17, 18, 19, 20, 21, 22, 23, 24, 25, 26, 27, 28, 29, 30, 31, 50], "summary": {"covered_lines": 25, "num_statements": 25, "percent_covered": 100.0, "percent_covered_display": "100", "missing_lines": 0, "excluded_lines": 0, "percent_statements_covered": 100.0, "percent_statements_covered_display": "100"}, "missing_lines": [], "excluded_lines": [], "start_line": 1}}}, "src\\arknights_merch_analytics\\skland.py": {"executed_lines": [1, 3, 4, 5, 6, 7, 9, 10, 13, 14, 17, 18, 19, 20, 22, 27, 28, 29, 30, 31, 32, 37, 40, 128, 129, 142, 153, 154, 156, 157, 170, 171, 172, 173, 176, 182, 183, 194, 201, 206], "summary": {"covered_lines": 40, "num_statements": 79, "percent_covered": 50.63291139240506, "percent_covered_display": "51", "missing_lines": 39, "excluded_lines": 0, "percent_statements_covered": 50.63291139240506, "percent_statements_covered_display": "51"}, "missing_lines": [21, 54, 55, 56, 57, 58, 60, 61, 67, 68, 69, 70, 71, 72, 73, 78, 79, 82, 83, 84, 85, 88, 89, 90, 91, 92, 93, 94, 95, 123, 124, 125, 130, 155, 158, 207, 208, 209, 210], "excluded_lines": [], "functions": {"is_operator_title_match": {"executed_lines": [18, 19, 20, 22, 27, 28, 29, 30, 31, 32, 37], "summary": {"covered_lines": 11, "num_statements": 12, "percent_covered": 91.66666666666667, "percent_covered_display": "92", "missing_lines": 1, "excluded_lines": 0, "percent_statements_covered": 91.66666666666667, "percent_s
[...]
m_statements": 2, "percent_covered": 100.0, "percent_covered_display": "100", "missing_lines": 0, "excluded_lines": 0, "percent_statements_covered": 100.0, "percent_statements_covered_display": "100"}, "missing_lines": [], "excluded_lines": [], "start_line": 148}, "build_survey_summary": {"executed_lines": [219, 221, 232, 237, 246], "summary": {"covered_lines": 5, "num_statements": 6, "percent_covered": 83.33333333333333, "percent_covered_display": "83", "missing_lines": 1, "excluded_lines": 0, "percent_statements_covered": 83.33333333333333, "percent_statements_covered_display": "83"}, "missing_lines": [220], "excluded_lines": [], "start_line": 218}, "build_survey_segment_summary": {"executed_lines": [253, 255, 256, 258, 261, 271, 272, 273], "summary": {"covered_lines": 8, "num_statements": 10, "percent_covered": 80.0, "percent_covered_display": "80", "missing_lines": 2, "excluded_lines": 0, "percent_statements_covered": 80.0, "percent_statements_covered_display": "80"}, "missing_lines": [254, 257], "excluded_lines": [], "start_line": 252}, "build_survey_barrier_summary": {"executed_lines": [279, 280, 282, 283, 284, 285, 286, 287, 288, 290, 291, 294, 295, 296], "summary": {"covered_lines": 14, "num_statements": 16, "percent_covered": 87.5, "percent_covered_display": "88", "missing_lines": 2, "excluded_lines": 0, "percent_statements_covered": 87.5, "percent_statements_covered_display": "88"}, "missing_lines": [281, 289], "excluded_lines": [], "start_line": 278}, "build_survey_price_summary": {"executed_lines": [300, 302, 311, 314, 317], "summary": {"covered_lines": 5, "num_statements": 6, "percent_covered": 83.33333333333333, "percent_covered_display": "83", "missing_lines": 1, "excluded_lines": 0, "percent_statements_covered": 83.33333333333333, "percent_statements_covered_display": "83"}, "missing_lines": [301], "excluded_lines": [], "start_line": 299}, "write_survey_report": {"executed_lines": [], "summary": {"covered_lines": 0, "num_statements": 11, "percent_covered": 0.0, "percent_covered_display": "0", "missing_lines": 11, "excluded_lines": 0, "percent_statements_covered": 0.0, "percent_statements_covered_display": "0"}, "missing_lines": [331, 332, 333, 334, 351, 352, 362, 363, 373, 374, 386], "excluded_lines": [], "start_line": 322}, "": {"executed_lines": [1, 3, 5, 6, 9, 27, 55, 71, 84, 99, 218, 252, 278, 299, 322], "summary": {"covered_lines": 15, "num_statements": 15, "percent_covered": 100.0, "percent_covered_display": "100", "missing_lines": 0, "excluded_lines": 0, "percent_statements_covered": 100.0, "percent_statements_covered_display": "100"}, "missing_lines": [], "excluded_lines": [], "start_line": 1}}, "classes": {"": {"executed_lines": [1, 3, 5, 6, 9, 27, 55, 71, 84, 99, 102, 103, 105, 106, 108, 116, 117, 118, 119, 136, 137, 138, 139, 140, 141, 142, 143, 146, 148, 149, 150, 152, 153, 154, 159, 160, 165, 166, 167, 168, 169, 170, 171, 178, 179, 180, 181, 182, 187, 188, 189, 190, 194, 195, 202, 203, 204, 205, 206, 215, 218, 219, 221, 232, 237, 246, 252, 253, 255, 256, 258, 261, 271, 272, 273, 278, 279, 280, 282, 283, 284, 285, 286, 287, 288, 290, 291, 294, 295, 296, 299, 300, 302, 311, 314, 317, 322], "summary": {"covered_lines": 97, "num_statements": 116, "percent_covered": 83.62068965517241, "percent_covered_display": "84", "missing_lines": 19, "excluded_lines": 0, "percent_statements_covered": 83.62068965517241, "percent_statements_covered_display": "84"}, "missing_lines": [104, 107, 220, 254, 257, 281, 289, 301, 331, 332, 333, 334, 351, 352, 362, 363, 373, 374, 386], "excluded_lines": [], "start_line": 1}}}, "src\\arknights_merch_analytics\\survey_simulation.py": {"executed_lines": [1, 3, 5, 6, 8, 17, 18, 19, 26, 35, 44, 52, 62, 76, 77, 78, 79, 80, 81, 82, 84, 85, 86, 89, 94, 95, 96, 97, 100, 101, 102, 104, 105, 106, 107, 108, 111, 112, 113, 114, 115, 116, 117, 118, 119, 120, 121, 122, 123, 124, 125, 126, 127, 128, 129, 132, 137, 138, 139, 140, 141, 142, 143, 144, 145, 146, 147, 154, 157, 163, 165, 166, 167, 168, 169, 170, 171, 172, 173, 174, 175, 178, 179, 180, 186, 187, 188, 196, 197, 198, 199, 202, 203, 204, 205, 206, 209, 220, 228, 231, 288, 291, 292, 293, 294, 295, 296, 297, 300, 301, 307, 308, 313, 314, 320, 321, 332, 338, 339, 340, 386], "summary": {"covered_lines": 121, "num_statements": 124, "percent_covered": 97.58064516129032, "percent_covered_display": "98", "missing_lines": 3, "excluded_lines": 0, "percent_statements_covered": 97.58064516129032, "percent_statements_covered_display": "98"}, "missing_lines": [83, 103, 164], "excluded_lines": [], "functions": {"_exact_profile": {"executed_lines": [77, 78, 79, 80, 81, 82, 84, 85, 86], "summary": {"covered_lines": 9, "num_statements": 10, "percent_covered": 90.0, "percent_covered_display": "90", "missing_lines": 1, "excluded_lines": 0, "percent_statements_covered": 90.0, "percent_statements_covered_display": "90"}, "missing_lines": [83], "excluded_lines": [], "start_line": 76}, "_sample_without_replacement": {"executed_lines": [94, 95, 96, 97], "summary": {"covered_lines": 4, "num_statements": 4, "percent_covered": 100.0, "percent_covered_display": "100", "missing_lines": 0, "excluded_lines": 0, "percent_statements_covered": 100.0, "percent_statements_covered_display": "100"}, "missing_lines": [], "excluded_lines": [], "start_line": 89}, "_load_operator_weights": {"executed_lines": [101, 102, 104, 105, 106, 107, 108], "summary": {"covered_lines": 7, "num_statements": 8, "percent_covered": 87.5, "percent_covered_display": "88", "missing_lines": 1, "excluded_lines": 0, "percent_statements_covered": 87.5, "percent_statements_covered_display": "88"}, "missing_lines": [103], "excluded_lines": [], "start_line": 100}, "_category_probabilities": {"executed_lines": [112, 113, 114, 115, 116, 117, 118, 119, 120, 121, 122, 123, 124, 125, 126, 127, 128, 129], "summary": {"covered_lines": 18, "num_statements": 18, "percent_covered": 100.0, "percent_covered_display": "100", "missing_lines": 0, "excluded_lines": 0, "percent_statements_covered": 100.0, "percent_statements_covered_display": "100"}, "missing_lines": [], "excluded_lines": [], "start_line": 111}, "_build_purchase_profile": {"executed_lines": [137, 138, 139, 140, 141, 142, 143, 144, 145, 146, 147, 154], "summary": {"covered_lines": 12, "num_statements": 12, "percent_covered": 100.0, "percent_covered_display": "100", "missing_lines": 0, "excluded_lines": 0, "percent_statements_covered": 100.0, "percent_statements_covered_display": "100"}, "missing_lines": [], "excluded_lines": [], "start_line": 132}, "generate_simulated_survey_responses": {"executed_lines": [163, 165, 166, 167, 168, 169, 170, 171, 172, 173, 174, 175, 178, 179, 180, 186, 187, 188, 196, 197, 198, 199, 202, 203, 204, 205, 206, 209, 220, 228, 231, 288], "summary": {"covered_lines": 32, "num_statements": 33, "percent_covered": 96.96969696969697, "percent_covered_display": "97", "missing_lines": 1, "excluded_lines": 0, "percent_statements_covered": 96.96969696969697, "percent_statements_covered_display": "97"}, "missing_lines": [164], "excluded_lines": [], "start_line": 157}, "validate_simulated_responses": {"executed_lines": [292, 293, 294, 295, 296, 297], "summary": {"covered_lines": 6, "num_statements": 6, "percent_covered": 100.0, "percent_covered_display": "100", "missing_lines": 0, "excluded_lines": 0, "percent_statements_covered": 100.0, "percent_statements_covered_display": "100"}, "missing_lines": [], "excluded_lines": [], "start_line": 291}, "build_simulation_outputs": {"executed_lines": [301, 307, 308, 313, 314, 320, 321], "summary": {"covered_lines": 7, "num_statements": 7, "percent_covered": 100.0, "percent_covered_display": "100", "missing_lines": 0, "excluded_lines": 0, "percent_statements_covered": 100.0, "percent_statements_covered_display": "100"}, "missing_lines": [], "excluded_lines": [], "start_line": 300}, "write_simulated_survey_report": {"executed_lines": [338, 339, 340, 386], "summary": {"covered_lines": 4, "num_statements": 4, "percent_covered": 100.0, "percent_covered_display": "100", "missing_lines": 0, "excluded_lines": 0, "percent_statements_covered": 100.0, "percent_statements_covered_display": "100"}, "missing_lines": [], "excluded_lines": [], "start_line": 332}, "": {"executed_lines": [1, 3, 5, 6, 8, 17, 18, 19, 26, 35, 44, 52, 62, 76, 89, 100, 111, 132, 157, 291, 300, 332], "summary": {"covered_lines": 22, "num_statements": 22, "percent_covered": 100.0, "percent_covered_display": "100", "missing_lines": 0, "excluded_lines": 0, "percent_statements_covered": 100.0, "percent_statements_covered_display": "100"}, "missing_lines": [], "excluded_lines": [], "start_line": 1}}, "classes": {"": {"executed_lines": [1, 3, 5, 6, 8, 17, 18, 19, 26, 35, 44, 52, 62, 76, 77, 78, 79, 80, 81, 82, 84, 85, 86, 89, 94, 95, 96, 97, 100, 101, 102, 104, 105, 106, 107, 108, 111, 112, 113, 114, 115, 116, 117, 118, 119, 120, 121, 122, 123, 124, 125, 126, 127, 128, 129, 132, 137, 138, 139, 140, 141, 142, 143, 144, 145, 146, 147, 154, 157, 163, 165, 166, 167, 168, 169, 170, 171, 172, 173, 174, 175, 178, 179, 180, 186, 187, 188, 196, 197, 198, 199, 202, 203, 204, 205, 206, 209, 220, 228, 231, 288, 291, 292, 293, 294, 295, 296, 297, 300, 301, 307, 308, 313, 314, 320, 321, 332, 338, 339, 340, 386], "summary": {"covered_lines": 121, "num_statements": 124, "percent_covered": 97.58064516129032, "percent_covered_display": "98", "missing_lines": 3, "excluded_lines": 0, "percent_statements_covered": 97.58064516129032, "percent_statements_covered_display": "98"}, "missing_lines": [83, 103, 164], "excluded_lines": [], "start_line": 1}}}, "src\\arknights_merch_analytics\\survey_text_import.py": {"executed_lines": [1, 3, 4, 5, 6, 8, 9, 12, 13, 18, 29, 37, 44, 52, 61, 70, 78, 84, 92, 101, 102, 103, 104, 105, 106, 109, 110, 111, 112, 113, 114, 115, 118, 119, 120, 121, 122, 123, 124, 127, 128, 129, 132, 133, 134, 135, 136, 139, 142, 143, 144, 148, 149, 150, 153, 157, 158, 159, 162, 163, 164, 165, 166, 168, 169, 170, 171, 175, 176, 177, 178, 179, 182, 183, 185, 187, 188, 190, 191, 193, 194, 196, 197, 198, 201, 202, 203, 204, 205, 206, 207, 209, 259, 260, 270, 271, 272, 273, 285, 298, 299, 303, 315, 316, 317, 329, 330, 331, 332, 333, 336, 348, 363, 369, 370, 378, 379, 387, 388, 393, 394, 397, 399, 404, 406, 407, 408, 409, 410, 411, 412, 415, 416, 418, 419, 420, 421, 422, 423, 426, 431, 433, 437, 440, 453], "summary": {"covered_lines": 145, "num_statements": 164, "percent_covered": 88.41463414634147, "percent_covered_display": "88", "missing_lines": 19, "excluded_lines": 0, "percent_statements_covered": 88.41463414634147, "percent_statements_covered_display": "88"}, "missing_lines": [137, 138, 140, 141, 145, 160, 180, 184, 189, 192, 195, 199, 334, 458, 459, 460, 461, 462, 511], "excluded_lines": [], "functions": {"_split_ranked": {"executed_lines": [110, 111, 112, 113, 114, 115], "summary": {"covered_lines": 6, "num_statements": 6, "percent_covered": 100.0, "percent_covered_display": "100", "missing_lines": 0, "excluded_lines": 0, "percent_statements_covered": 100.0, "percent_statements_covered_display": "100"}, "missing_lines": [], "excluded_lines": [], "start_line": 109}, "_split_key_values": {"executed_lines": [119, 120, 121, 122, 123, 124], "summary": {"covered_lines": 6, "num_statements": 6, "percent_covered": 100.0, "percent_covered_display": "100", "missing_lines": 0, "excluded_lines": 0, "percent_statements_covered": 100.0, "percent_statements_covered_display": "100"}, "missing_lines": [], "excluded_lines": [], "start_line": 118}, "_parse_yuan": {"executed_lines": [128, 129], "summary": {"covered_lines": 2, "num_statements": 2, "percent_covered": 100.0, "percent_covered_display": "100", "missing_lines": 0, "excluded_lines": 0, "percent_statements_covered": 100.0, "percent_statements_covered_display": "100"}, "missing_lines": [], "excluded_lines": [], "start_line": 127}, "_price_band_bounds": {"executed_lines": [133, 134, 135, 136, 139, 142, 143, 144], "summary": {"covered_lines": 8, "num_statements": 13, "percent_covered": 61.53846153846154, "percent_covered_display": "62", "missing_lines": 5, "excluded_lines": 0, "percent_statements_covered": 61.53846153846154, "percent_statements_covered_display": "62"}, "missing_lines": [137, 138, 140, 141, 145], "excluded_lines": [], "start_line": 132}, "_response_fingerprint": {"executed_lines": [149, 150], "summary": {"covered_lines": 2, "num_statements": 2, "percent_covered": 100.0, "percent_covered_display": "100", "missing_lines": 0, "excluded_lines": 0, "percent_statements_covered": 100.0, "percent_statements_covered_display": "100"}, "missing_lines": [], "excluded_lines": [], "start_line": 148}, "parse_questionnaire_text": {"executed_lines": [157, 158, 159, 162, 163, 164, 165, 166, 168, 169, 170, 171, 175, 176, 177, 178, 179, 182, 183, 185, 187, 188, 190, 191, 193, 194, 196, 197, 198, 201, 202, 203, 204, 205, 206, 207, 209, 259, 260, 270, 271, 272, 273, 285, 298, 299, 303, 315, 316, 317], "summary": {"covered_lines": 50, "num_statements": 57, "percent_covered": 87.71929824561404, "percent_covered_display": "88", "missing_lines": 7, "excluded_lines": 0, "percent_statements_covered": 87.71929824561404, "percent_statements_covered_display": "88"}, "missing_lines": [160, 180, 184, 189, 192, 195, 199], "excluded_lines": [], "start_line": 153}, "build_questionnaire_summaries": {"executed_lines": [330, 331, 332, 333, 336, 348, 363, 369, 370, 378, 379, 387, 388, 393, 394, 397, 399, 404, 406, 407, 408, 409, 410, 411, 412, 415, 416, 418, 419, 420, 421, 422, 423, 426, 431, 433, 437, 440], "summary": {"covered_lines": 38, "num_statements": 39, "percent_covered": 97.43589743589743, "percent_covered_display": "97", "missing_lines": 1, "excluded_lines": 0, "percent_statements_covered": 97.43589743589743, "percent_statements_covered_display": "97"}, "missing_lines": [334], "excluded_lines": [], "start_line": 329}, "write_questionnaire_report": {"executed_lines": [], "summary": {"covered_lines": 0, "num_statements": 6, "percent_covered": 0.0, "percent_covered_display": "0", "missing_lines": 6, "excluded_lines": 0, "percent_statements_covered": 0.0, "percent_statements_covered_display": "0"}, "missing_lines": [458, 459, 460, 461, 462, 511], "excluded_lines": [], "start_line": 453}, "": {"executed_lines": [1, 3, 4, 5, 6, 8, 9, 12, 13, 18, 29, 37, 44, 52, 61, 70, 78, 84, 92, 101, 102, 103, 104, 105, 106, 109, 118, 127, 132, 148, 153, 329, 453], "summary": {"covered_lines": 33, "num_statements": 33, "percent_covered": 100.0, "percent_covered_display": "100", "missing_lines": 0, "excluded_lines": 0, "percent_statements_covered": 100.0, "percent_statements_covered_display": "100"}, "missing_lines": [], "excluded_lines": [], "start_line": 1}}, "classes": {"QuestionnaireImport": {"executed_lines": [], "summary": {"covered_lines": 0, "num_statements": 0, "percent_covered": 100.0, "percent_covered_display": "100", "missing_lines": 0, "excluded_lines": 0, "percent_statements_covered": 100.0, "percent_statements_covered_display": "100"}, "missing_lines": [], "excluded_lines": [], "start_line": 102}, "": {"executed_lines": [1, 3, 4, 5, 6, 8, 9, 12, 13, 18, 29, 37, 44, 52, 61, 70, 78, 84, 92, 101, 102, 103, 104, 105, 106, 109, 110, 111, 112, 113, 114, 115, 118, 119, 120, 121, 122, 123, 124, 127, 128, 129, 132, 133, 134, 135, 136, 139, 142, 143, 144, 148, 149, 150, 153, 157, 158, 159, 162, 163, 164, 165, 166, 168, 169, 170, 171, 175, 176, 177, 178, 179, 182, 183, 185, 187, 188, 190, 191, 193, 194, 196, 197, 198, 201, 202, 203, 204, 205, 206, 207, 209, 259, 260, 270, 271, 272, 273, 285, 298, 299, 303, 315, 316, 317, 329, 330, 331, 332, 333, 336, 348, 363, 369, 370, 378, 379, 387, 388, 393, 394, 397, 399, 404, 406, 407, 408, 409, 410, 411, 412, 415, 416, 418, 419, 420, 421, 422, 423, 426, 431, 433, 437, 440, 453], "summary": {"covered_lines": 145, "num_statements": 164, "percent_covered": 88.41463414634147, "percent_covered_display": "88", "missing_lines": 19, "excluded_lines": 0, "percent_statements_covered": 88.41463414634147, "percent_statements_covered_display": "88"}, "missing_lines": [137, 138, 140, 141, 145, 160, 180, 184, 189, 192, 195, 199, 334, 458, 459, 460, 461, 462, 511], "excluded_lines": [], "start_line": 1}}}, "src\\arknights_merch_analytics\\tracking.py": {"executed_lines": [1, 3, 5, 6, 9, 10, 12, 13, 14, 24, 25, 26, 30, 33, 36, 37, 38, 39, 40, 41, 42, 43, 44, 45, 46, 47, 50, 51, 54, 57, 62, 82, 83, 86, 89, 95, 96, 97, 98, 99, 100, 101, 102, 103, 104, 105, 110, 115, 116, 117, 119, 121, 122, 125, 126, 128, 130, 131, 133, 134, 135, 140, 142, 172, 179], "summary": {"covered_lines": 65, "num_statements": 77, "percent_covered": 84.41558441558442, "percent_covered_display": "84", "missing_lines": 12, "excluded_lines": 0, "percent_statements_covered": 84.41558441558442, "percent_statements_covered_display": "84"}, "missing_lines": [11, 118, 120, 124, 127, 129, 141, 182, 183, 188, 189, 213], "excluded_lines": [], "functions": {"_prepare_observations": {"executed_lines": [10, 12, 13, 14, 24, 25, 26, 30], "summary": {"covered_lines": 8, "num_statements": 9, "percent_covered": 88.88888888888889, "percent_covered_display": "89", "missing_lines": 1, "excluded_lines": 0, "percent_statements_covered": 88.88888888888889, "percent_statements_covered_display": "89"}, "missing_lines": [11], "excluded_lines": [], "start_line": 9}, "build_tracking_registry": {"executed_lines": [36, 37, 38, 39, 40, 41, 42, 43, 44, 45, 46, 47, 50, 51, 54, 57, 62, 82, 83, 86, 89], "summary": {"covered_lines": 21, "num_statements": 21, "percent_covered": 100.0, "percent_covered_display": "100", "missing_lines": 0, "excluded_lines": 0, "percent_statements_covered": 100.0, "percent_statements_covered_display": "100"}, "missing_lines": [], "excluded_lines": [], "start_line": 33}, "build_sku_timeseries_metrics": {"executed_lines": [96, 97, 98, 99, 100, 101, 102, 103, 104, 105, 110, 115, 116, 117, 119, 121, 122, 125, 126, 128, 130, 131, 133, 134, 135, 140, 142, 172], "summary": {"covered_lines": 28, "num_statements": 34, "percent_covered": 82.3529411764706, "percent_covered_display": "82", "missing_lines": 6, "excluded_lines": 0, "percent_statements_covered": 82.3529411764706, "percent_statements_covered_display": "82"}, "missing_lines": [118, 120, 124, 127, 129, 141], "excluded_lines": [], "start_line": 95}, "write_tracking_report": {"executed_lines": [], "summary": {"covered_lines": 0, "num_statements": 5, "percent_covered": 0.0, "percent_covered_display": "0", "missing_lines": 5, "excluded_lines": 0, "percent_statements_covered": 0.0, "percent_statements_covered_display": "0"}, "missing_lines": [182, 183, 188, 189, 213], "excluded_lines": [], "start_line": 179}, "": {"executed_lines": [1, 3, 5, 6, 9, 33, 95, 179], "summary": {"covered_lines": 8, "num_statements": 8, "percent_covered": 100.0, "percent_covered_display": "100", "missing_lines": 0, "excluded_lines": 0, "percent_statements_covered": 100.0, "percent_statements_covered_display": "100"}, "missing_lines": [], "excluded_lines": [], "start_line": 1}}, "classes": {"": {"executed_lines": [1, 3, 5, 6, 9, 10, 12, 13, 14, 24, 25, 26, 30, 33, 36, 37, 38, 39, 40, 41, 42, 43, 44, 45, 46, 47, 50, 51, 54, 57, 62, 82, 83, 86, 89, 95, 96, 97, 98, 99, 100, 101, 102, 103, 104, 105, 110, 115, 116, 117, 119, 121, 122, 125, 126, 128, 130, 131, 133, 134, 135, 140, 142, 172, 179], "summary": {"covered_lines": 65, "num_statements": 77, "percent_covered": 84.41558441558442, "percent_covered_display": "84", "missing_lines": 12, "excluded_lines": 0, "percent_statements_covered": 84.41558441558442, "percent_statements_covered_display": "84"}, "missing_lines": [11, 118, 120, 124, 127, 129, 141, 182, 183, 188, 189, 213], "excluded_lines": [], "start_line": 1}}}}, "totals": {"covered_lines": 2000, "num_statements": 2617, "percent_covered": 76.42338555598013, "percent_covered_display": "76", "missing_lines": 617, "excluded_lines": 0, "percent_statements_covered": 76.42338555598013, "percent_statements_covered_display": "76"}}